INFO: [VRFC 10-2263] Analyzing Verilog file "C:/Code/SeniorDesign/SeniorDesign/MAGLAB_PYNQ/MAGLAB_PYNQ.srcs/sources_1/new/FIFO_buff.v" into library xil_defaultlib
INFO: [VRFC 10-311] analyzing module FIFO_buff
INFO: [VRFC 10-2263] Analyzing Verilog file "C:/Code/SeniorDesign/SeniorDesign/MAGLAB_PYNQ/MAGLAB_PYNQ.srcs/sources_1/new/GLE_Comp.v" into library xil_defaultlib
INFO: [VRFC 10-311] analyzing module GLE_Comp
INFO: [VRFC 10-2263] Analyzing Verilog file "C:/Code/SeniorDesign/SeniorDesign/MAGLAB_PYNQ/MAGLAB_PYNQ.srcs/sources_1/new/Mux4x2.v" into library xil_defaultlib
INFO: [VRFC 10-311] analyzing module mux4x2
INFO: [VRFC 10-2263] Analyzing Verilog file "C:/Code/SeniorDesign/SeniorDesign/MAGLAB_PYNQ/MAGLAB_PYNQ.srcs/sources_1/new/N_RegFile.v" into library xil_defaultlib
INFO: [VRFC 10-311] analyzing module N_RegFile
INFO: [VRFC 10-2263] Analyzing Verilog file "C:/Code/SeniorDesign/SeniorDesign/MAGLAB_PYNQ/MAGLAB_PYNQ.srcs/sources_1/new/SendBack.v" into library xil_defaultlib
INFO: [VRFC 10-311] analyzing module SendBack
INFO: [VRFC 10-2263] Analyzing Verilog file "C:/Code/SeniorDesign/SeniorDesign/MAGLAB_PYNQ/MAGLAB_PYNQ.srcs/sources_1/new/SoftProc.v" into library xil_defaultlib
INFO: [VRFC 10-311] analyzing module SoftProc
INFO: [VRFC 10-2263] Analyzing Verilog file "C:/Code/SeniorDesign/SeniorDesign/MAGLAB_PYNQ/MAGLAB_PYNQ.srcs/sources_1/new/change_detect.v" into library xil_defaultlib
INFO: [VRFC 10-311] analyzing module change_detect
INFO: [VRFC 10-2263] Analyzing Verilog file "C:/Code/SeniorDesign/SeniorDesign/MAGLAB_PYNQ/MAGLAB_PYNQ.srcs/sources_1/new/fsm.v" into library xil_defaultlib
INFO: [VRFC 10-311] analyzing module fsm
INFO: [VRFC 10-2263] Analyzing Verilog file "C:/Code/SeniorDesign/SeniorDesign/MAGLAB_PYNQ/MAGLAB_PYNQ.srcs/sources_1/new/mux2x1.v" into library xil_defaultlib
INFO: [VRFC 10-311] analyzing module mux2x1
INFO: [VRFC 10-2263] Analyzing Verilog file "C:/Code/SeniorDesign/SeniorDesign/MAGLAB_PYNQ/MAGLAB_PYNQ.srcs/sources_1/new/reg_file_N.v" into library xil_defaultlib
INFO: [VRFC 10-311] analyzing module reg_file_N
INFO: [VRFC 10-2263] Analyzing Verilog file "C:/Code/SeniorDesign/SeniorDesign/MAGLAB_PYNQ/MAGLAB_PYNQ.srcs/sim_1/new/soft_core_tb.v" into library xil_defaultlib
INFO: [VRFC 10-311] analyzing module SoftProc_tb
