
*** Running vivado
    with args -log design_1_SoftProc_0_0.vds -m64 -product Vivado -mode batch -messageDb vivado.pb -notrace -source design_1_SoftProc_0_0.tcl



****** Vivado v2025.2 (64-bit)
  **** SW Build 6299465 on Fri Nov 14 19:35:11 GMT 2025
  **** IP Build 6300035 on Fri Nov 14 10:48:45 MST 2025
  **** SharedData Build 6298862 on Thu Nov 13 04:50:51 MST 2025
  **** Start of session at: Sun Apr 19 11:37:13 2026
    ** Copyright 1986-2022 Xilinx, Inc. All Rights Reserved.
    ** Copyright 2022-2025 Advanced Micro Devices, Inc. All Rights Reserved.

source design_1_SoftProc_0_0.tcl -notrace
create_project: Time (s): cpu = 00:00:12 ; elapsed = 00:00:09 . Memory (MB): peak = 539.793 ; gain = 219.297
INFO: [IP_Flow 19-234] Refreshing IP repositories
INFO: [IP_Flow 19-1704] No user IP repositories specified
INFO: [IP_Flow 19-2313] Loaded Vivado IP repository 'C:/AMDDesignTools/2025.2/Vivado/data/ip'.
Command: synth_design -top design_1_SoftProc_0_0 -part xc7z020clg400-1 -incremental_mode off -mode out_of_context
Starting synth_design
Attempting to get a license for feature 'Synthesis' and/or device 'xc7z020'
INFO: [Common 17-349] Got license for feature 'Synthesis' and/or device 'xc7z020'
INFO: [Device 21-403] Loading part xc7z020clg400-1
INFO: [Synth 8-7079] Multithreading enabled for synth_design using a maximum of 2 processes.
INFO: [Synth 8-7078] Launching helper process for spawning children vivado processes
INFO: [Synth 8-7075] Helper process launched with PID 32360
---------------------------------------------------------------------------------
Starting RTL Elaboration : Time (s): cpu = 00:00:07 ; elapsed = 00:00:08 . Memory (MB): peak = 1323.348 ; gain = 539.594
---------------------------------------------------------------------------------
INFO: [Synth 8-11241] undeclared symbol 'tvalid', assumed default net type 'wire' [C:/Code/SeniorDesign/SeniorDesign/MAGLAB_PYNQ/MAGLAB_PYNQ.srcs/sources_1/new/SoftProc.v:205]
INFO: [Synth 8-11241] undeclared symbol 's_axis_ready', assumed default net type 'wire' [C:/Code/SeniorDesign/SeniorDesign/MAGLAB_PYNQ/MAGLAB_PYNQ.srcs/sources_1/new/SoftProc.v:270]
INFO: [Synth 8-6157] synthesizing module 'design_1_SoftProc_0_0' [c:/Code/SeniorDesign/SeniorDesign/MAGLAB_PYNQ/MAGLAB_PYNQ.gen/sources_1/bd/design_1/ip/design_1_SoftProc_0_0/synth/design_1_SoftProc_0_0.v:53]
INFO: [Synth 8-6157] synthesizing module 'SoftProc' [C:/Code/SeniorDesign/SeniorDesign/MAGLAB_PYNQ/MAGLAB_PYNQ.srcs/sources_1/new/SoftProc.v:23]
INFO: [Synth 8-6157] synthesizing module 'FIFO_buff' [C:/Code/SeniorDesign/SeniorDesign/MAGLAB_PYNQ/MAGLAB_PYNQ.srcs/sources_1/new/FIFO_buff.v:23]
INFO: [Synth 8-6155] done synthesizing module 'FIFO_buff' (0#1) [C:/Code/SeniorDesign/SeniorDesign/MAGLAB_PYNQ/MAGLAB_PYNQ.srcs/sources_1/new/FIFO_buff.v:23]
WARNING: [Synth 8-7071] port 'full' of module 'FIFO_buff' is unconnected for instance 'Buffer' [C:/Code/SeniorDesign/SeniorDesign/MAGLAB_PYNQ/MAGLAB_PYNQ.srcs/sources_1/new/SoftProc.v:60]
WARNING: [Synth 8-7071] port 'empty' of module 'FIFO_buff' is unconnected for instance 'Buffer' [C:/Code/SeniorDesign/SeniorDesign/MAGLAB_PYNQ/MAGLAB_PYNQ.srcs/sources_1/new/SoftProc.v:60]
WARNING: [Synth 8-7023] instance 'Buffer' of module 'FIFO_buff' has 9 connections declared, but only 7 given [C:/Code/SeniorDesign/SeniorDesign/MAGLAB_PYNQ/MAGLAB_PYNQ.srcs/sources_1/new/SoftProc.v:60]
INFO: [Synth 8-6157] synthesizing module 'N_RegFile' [C:/Code/SeniorDesign/SeniorDesign/MAGLAB_PYNQ/MAGLAB_PYNQ.srcs/sources_1/new/N_RegFile.v:24]
	Parameter N bound to: 2 - type: integer 
INFO: [Synth 8-6155] done synthesizing module 'N_RegFile' (0#1) [C:/Code/SeniorDesign/SeniorDesign/MAGLAB_PYNQ/MAGLAB_PYNQ.srcs/sources_1/new/N_RegFile.v:24]
INFO: [Synth 8-6157] synthesizing module 'N_RegFile__parameterized0' [C:/Code/SeniorDesign/SeniorDesign/MAGLAB_PYNQ/MAGLAB_PYNQ.srcs/sources_1/new/N_RegFile.v:24]
	Parameter N bound to: 3 - type: integer 
INFO: [Synth 8-6155] done synthesizing module 'N_RegFile__parameterized0' (0#1) [C:/Code/SeniorDesign/SeniorDesign/MAGLAB_PYNQ/MAGLAB_PYNQ.srcs/sources_1/new/N_RegFile.v:24]
INFO: [Synth 8-6157] synthesizing module 'N_RegFile__parameterized1' [C:/Code/SeniorDesign/SeniorDesign/MAGLAB_PYNQ/MAGLAB_PYNQ.srcs/sources_1/new/N_RegFile.v:24]
	Parameter N bound to: 8 - type: integer 
INFO: [Synth 8-6155] done synthesizing module 'N_RegFile__parameterized1' (0#1) [C:/Code/SeniorDesign/SeniorDesign/MAGLAB_PYNQ/MAGLAB_PYNQ.srcs/sources_1/new/N_RegFile.v:24]
INFO: [Synth 8-6157] synthesizing module 'reg_file_N' [C:/Code/SeniorDesign/SeniorDesign/MAGLAB_PYNQ/MAGLAB_PYNQ.srcs/sources_1/new/reg_file_N.v:23]
	Parameter N bound to: 16 - type: integer 
INFO: [Synth 8-6155] done synthesizing module 'reg_file_N' (0#1) [C:/Code/SeniorDesign/SeniorDesign/MAGLAB_PYNQ/MAGLAB_PYNQ.srcs/sources_1/new/reg_file_N.v:23]
INFO: [Synth 8-6157] synthesizing module 'reg_file_N__parameterized0' [C:/Code/SeniorDesign/SeniorDesign/MAGLAB_PYNQ/MAGLAB_PYNQ.srcs/sources_1/new/reg_file_N.v:23]
	Parameter N bound to: 2 - type: integer 
INFO: [Synth 8-6155] done synthesizing module 'reg_file_N__parameterized0' (0#1) [C:/Code/SeniorDesign/SeniorDesign/MAGLAB_PYNQ/MAGLAB_PYNQ.srcs/sources_1/new/reg_file_N.v:23]
INFO: [Synth 8-6157] synthesizing module 'GLE_Comp' [C:/Code/SeniorDesign/SeniorDesign/MAGLAB_PYNQ/MAGLAB_PYNQ.srcs/sources_1/new/GLE_Comp.v:23]
INFO: [Synth 8-6157] synthesizing module 'mux4x2' [C:/Code/SeniorDesign/SeniorDesign/MAGLAB_PYNQ/MAGLAB_PYNQ.srcs/sources_1/new/Mux4x2.v:23]
	Parameter N bound to: 1 - type: integer 
INFO: [Synth 8-226] default block is never used [C:/Code/SeniorDesign/SeniorDesign/MAGLAB_PYNQ/MAGLAB_PYNQ.srcs/sources_1/new/Mux4x2.v:32]
INFO: [Synth 8-6155] done synthesizing module 'mux4x2' (0#1) [C:/Code/SeniorDesign/SeniorDesign/MAGLAB_PYNQ/MAGLAB_PYNQ.srcs/sources_1/new/Mux4x2.v:23]
INFO: [Synth 8-6155] done synthesizing module 'GLE_Comp' (0#1) [C:/Code/SeniorDesign/SeniorDesign/MAGLAB_PYNQ/MAGLAB_PYNQ.srcs/sources_1/new/GLE_Comp.v:23]
INFO: [Synth 8-6157] synthesizing module 'N_RegFile__parameterized2' [C:/Code/SeniorDesign/SeniorDesign/MAGLAB_PYNQ/MAGLAB_PYNQ.srcs/sources_1/new/N_RegFile.v:24]
	Parameter N bound to: 16 - type: integer 
INFO: [Synth 8-6155] done synthesizing module 'N_RegFile__parameterized2' (0#1) [C:/Code/SeniorDesign/SeniorDesign/MAGLAB_PYNQ/MAGLAB_PYNQ.srcs/sources_1/new/N_RegFile.v:24]
INFO: [Synth 8-6157] synthesizing module 'N_RegFile__parameterized3' [C:/Code/SeniorDesign/SeniorDesign/MAGLAB_PYNQ/MAGLAB_PYNQ.srcs/sources_1/new/N_RegFile.v:24]
	Parameter N bound to: 1 - type: integer 
INFO: [Synth 8-6155] done synthesizing module 'N_RegFile__parameterized3' (0#1) [C:/Code/SeniorDesign/SeniorDesign/MAGLAB_PYNQ/MAGLAB_PYNQ.srcs/sources_1/new/N_RegFile.v:24]
INFO: [Synth 8-6157] synthesizing module 'change_detect' [C:/Code/SeniorDesign/SeniorDesign/MAGLAB_PYNQ/MAGLAB_PYNQ.srcs/sources_1/new/change_detect.v:23]
	Parameter N bound to: 8 - type: integer 
INFO: [Synth 8-6155] done synthesizing module 'change_detect' (0#1) [C:/Code/SeniorDesign/SeniorDesign/MAGLAB_PYNQ/MAGLAB_PYNQ.srcs/sources_1/new/change_detect.v:23]
WARNING: [Synth 8-7071] port 'q' of module 'change_detect' is unconnected for instance 'flagUpdate' [C:/Code/SeniorDesign/SeniorDesign/MAGLAB_PYNQ/MAGLAB_PYNQ.srcs/sources_1/new/SoftProc.v:218]
WARNING: [Synth 8-7023] instance 'flagUpdate' of module 'change_detect' has 5 connections declared, but only 4 given [C:/Code/SeniorDesign/SeniorDesign/MAGLAB_PYNQ/MAGLAB_PYNQ.srcs/sources_1/new/SoftProc.v:218]
INFO: [Synth 8-6157] synthesizing module 'mux2x1' [C:/Code/SeniorDesign/SeniorDesign/MAGLAB_PYNQ/MAGLAB_PYNQ.srcs/sources_1/new/mux2x1.v:23]
	Parameter N bound to: 8 - type: integer 
INFO: [Synth 8-6155] done synthesizing module 'mux2x1' (0#1) [C:/Code/SeniorDesign/SeniorDesign/MAGLAB_PYNQ/MAGLAB_PYNQ.srcs/sources_1/new/mux2x1.v:23]
INFO: [Synth 8-6157] synthesizing module 'SendBack' [C:/Code/SeniorDesign/SeniorDesign/MAGLAB_PYNQ/MAGLAB_PYNQ.srcs/sources_1/new/SendBack.v:23]
INFO: [Synth 8-6155] done synthesizing module 'SendBack' (0#1) [C:/Code/SeniorDesign/SeniorDesign/MAGLAB_PYNQ/MAGLAB_PYNQ.srcs/sources_1/new/SendBack.v:23]
INFO: [Synth 8-6157] synthesizing module 'fsm' [C:/Code/SeniorDesign/SeniorDesign/MAGLAB_PYNQ/MAGLAB_PYNQ.srcs/sources_1/new/fsm.v:23]
INFO: [Synth 8-6155] done synthesizing module 'fsm' (0#1) [C:/Code/SeniorDesign/SeniorDesign/MAGLAB_PYNQ/MAGLAB_PYNQ.srcs/sources_1/new/fsm.v:23]
INFO: [Synth 8-6155] done synthesizing module 'SoftProc' (0#1) [C:/Code/SeniorDesign/SeniorDesign/MAGLAB_PYNQ/MAGLAB_PYNQ.srcs/sources_1/new/SoftProc.v:23]
INFO: [Synth 8-6155] done synthesizing module 'design_1_SoftProc_0_0' (0#1) [c:/Code/SeniorDesign/SeniorDesign/MAGLAB_PYNQ/MAGLAB_PYNQ.gen/sources_1/bd/design_1/ip/design_1_SoftProc_0_0/synth/design_1_SoftProc_0_0.v:53]
WARNING: [Synth 8-3848] Net s_axis_tready in module/entity SoftProc does not have driver. [C:/Code/SeniorDesign/SeniorDesign/MAGLAB_PYNQ/MAGLAB_PYNQ.srcs/sources_1/new/SoftProc.v:30]
WARNING: [Synth 8-3848] Net tvalid in module/entity SoftProc does not have driver. [C:/Code/SeniorDesign/SeniorDesign/MAGLAB_PYNQ/MAGLAB_PYNQ.srcs/sources_1/new/SoftProc.v:205]
INFO: [Synth 8-7129] Port s_axis_tready in module SoftProc is either unconnected or has no load
INFO: [Synth 8-7129] Port s_axis_tvalid in module SoftProc is either unconnected or has no load
---------------------------------------------------------------------------------
Finished RTL Elaboration : Time (s): cpu = 00:00:10 ; elapsed = 00:00:10 . Memory (MB): peak = 1452.723 ; gain = 668.969
---------------------------------------------------------------------------------
---------------------------------------------------------------------------------
Start Handling Custom Attributes
---------------------------------------------------------------------------------
---------------------------------------------------------------------------------
Finished Handling Custom Attributes : Time (s): cpu = 00:00:10 ; elapsed = 00:00:10 . Memory (MB): peak = 1452.723 ; gain = 668.969
---------------------------------------------------------------------------------
---------------------------------------------------------------------------------
Finished RTL Optimization Phase 1 : Time (s): cpu = 00:00:10 ; elapsed = 00:00:10 . Memory (MB): peak = 1452.723 ; gain = 668.969
---------------------------------------------------------------------------------
Netlist sorting complete. Time (s): cpu = 00:00:00 ; elapsed = 00:00:00.009 . Memory (MB): peak = 1452.723 ; gain = 0.000
INFO: [Project 1-570] Preparing netlist for logic optimization

Processing XDC Constraints
Initializing timing engine
Completed Processing XDC Constraints

Netlist sorting complete. Time (s): cpu = 00:00:00 ; elapsed = 00:00:00.001 . Memory (MB): peak = 1531.156 ; gain = 0.000
INFO: [Project 1-111] Unisim Transformation Summary:
No Unisim elements were transformed.

Constraint Validation Runtime : Time (s): cpu = 00:00:00 ; elapsed = 00:00:00.044 . Memory (MB): peak = 1531.156 ; gain = 0.000
INFO: [Designutils 20-5008] Incremental synthesis strategy off
---------------------------------------------------------------------------------
Finished Constraint Validation : Time (s): cpu = 00:00:21 ; elapsed = 00:00:23 . Memory (MB): peak = 1531.156 ; gain = 747.402
---------------------------------------------------------------------------------
---------------------------------------------------------------------------------
Start Loading Part and Timing Information
---------------------------------------------------------------------------------
Loading part: xc7z020clg400-1
---------------------------------------------------------------------------------
Finished Loading Part and Timing Information : Time (s): cpu = 00:00:21 ; elapsed = 00:00:23 . Memory (MB): peak = 1531.156 ; gain = 747.402
---------------------------------------------------------------------------------
---------------------------------------------------------------------------------
Start Applying 'set_property' XDC Constraints
---------------------------------------------------------------------------------
---------------------------------------------------------------------------------
Finished applying 'set_property' XDC Constraints : Time (s): cpu = 00:00:21 ; elapsed = 00:00:23 . Memory (MB): peak = 1531.156 ; gain = 747.402
---------------------------------------------------------------------------------
INFO: [Synth 8-802] inferred FSM for state register 'state_reg' in module 'fsm'
---------------------------------------------------------------------------------------------------
                   State |                     New Encoding |                Previous Encoding 
---------------------------------------------------------------------------------------------------
                    IDLE |                          0000001 |                              000
                     ON1 |                          0000010 |                              001
                    OFF1 |                          0000100 |                              010
                ADDFLAG1 |                          0001000 |                              011
                ADDFLAG2 |                          0010000 |                              100
             CLEARFLAGS1 |                          0100000 |                              101
          GETFLAGSTATUS1 |                          1000000 |                              110
---------------------------------------------------------------------------------------------------
INFO: [Synth 8-3354] encoded FSM with state register 'state_reg' using encoding 'one-hot' in module 'fsm'
---------------------------------------------------------------------------------
Finished RTL Optimization Phase 2 : Time (s): cpu = 00:00:22 ; elapsed = 00:00:24 . Memory (MB): peak = 1531.156 ; gain = 747.402
---------------------------------------------------------------------------------
No constraint files found.
---------------------------------------------------------------------------------
Start RTL Component Statistics 
---------------------------------------------------------------------------------
Detailed RTL Component Info : 
+---Adders : 
	   2 Input    3 Bit       Adders := 2     
+---Registers : 
	               16 Bit    Registers := 9     
	                8 Bit    Registers := 11    
	                3 Bit    Registers := 2     
	                2 Bit    Registers := 9     
	                1 Bit    Registers := 3     
+---Muxes : 
	   2 Input    8 Bit        Muxes := 23    
	   4 Input    8 Bit        Muxes := 1     
	   7 Input    7 Bit        Muxes := 2     
	   2 Input    7 Bit        Muxes := 3     
	   3 Input    3 Bit        Muxes := 1     
	   7 Input    3 Bit        Muxes := 1     
	   3 Input    1 Bit        Muxes := 1     
	   2 Input    1 Bit        Muxes := 38    
	   4 Input    1 Bit        Muxes := 8     
	   7 Input    1 Bit        Muxes := 5     
---------------------------------------------------------------------------------
Finished RTL Component Statistics 
---------------------------------------------------------------------------------
---------------------------------------------------------------------------------
Start Part Resource Summary
---------------------------------------------------------------------------------
Part Resources:
DSPs: 220 (col length:60)
BRAMs: 280 (col length: RAMB18 60 RAMB36 30)
---------------------------------------------------------------------------------
Finished Part Resource Summary
---------------------------------------------------------------------------------
No constraint files found.
---------------------------------------------------------------------------------
Start Cross Boundary and Area Optimization
---------------------------------------------------------------------------------
INFO: [Synth 8-7129] Port s_axis_tready in module SoftProc is either unconnected or has no load
INFO: [Synth 8-7129] Port s_axis_tvalid in module SoftProc is either unconnected or has no load
---------------------------------------------------------------------------------
Finished Cross Boundary and Area Optimization : Time (s): cpu = 00:00:27 ; elapsed = 00:00:30 . Memory (MB): peak = 1531.156 ; gain = 747.402
---------------------------------------------------------------------------------
No constraint files found.
---------------------------------------------------------------------------------
Start Timing Optimization
---------------------------------------------------------------------------------
---------------------------------------------------------------------------------
Finished Timing Optimization : Time (s): cpu = 00:00:27 ; elapsed = 00:00:30 . Memory (MB): peak = 1531.156 ; gain = 747.402
---------------------------------------------------------------------------------
---------------------------------------------------------------------------------
Start Technology Mapping
---------------------------------------------------------------------------------
---------------------------------------------------------------------------------
Finished Technology Mapping : Time (s): cpu = 00:00:27 ; elapsed = 00:00:30 . Memory (MB): peak = 1531.156 ; gain = 747.402
---------------------------------------------------------------------------------
---------------------------------------------------------------------------------
Start IO Insertion
---------------------------------------------------------------------------------
---------------------------------------------------------------------------------
Start Flattening Before IO Insertion
---------------------------------------------------------------------------------
---------------------------------------------------------------------------------
Finished Flattening Before IO Insertion
---------------------------------------------------------------------------------
---------------------------------------------------------------------------------
Start Final Netlist Cleanup
---------------------------------------------------------------------------------
---------------------------------------------------------------------------------
Finished Final Netlist Cleanup
---------------------------------------------------------------------------------
---------------------------------------------------------------------------------
Finished IO Insertion : Time (s): cpu = 00:00:34 ; elapsed = 00:00:39 . Memory (MB): peak = 1729.625 ; gain = 945.871
---------------------------------------------------------------------------------
---------------------------------------------------------------------------------
Start Renaming Generated Instances
---------------------------------------------------------------------------------
---------------------------------------------------------------------------------
Finished Renaming Generated Instances : Time (s): cpu = 00:00:34 ; elapsed = 00:00:39 . Memory (MB): peak = 1729.625 ; gain = 945.871
---------------------------------------------------------------------------------
---------------------------------------------------------------------------------
Start Rebuilding User Hierarchy
---------------------------------------------------------------------------------
---------------------------------------------------------------------------------
Finished Rebuilding User Hierarchy : Time (s): cpu = 00:00:34 ; elapsed = 00:00:39 . Memory (MB): peak = 1729.625 ; gain = 945.871
---------------------------------------------------------------------------------
---------------------------------------------------------------------------------
Start Renaming Generated Ports
---------------------------------------------------------------------------------
---------------------------------------------------------------------------------
Finished Renaming Generated Ports : Time (s): cpu = 00:00:34 ; elapsed = 00:00:39 . Memory (MB): peak = 1729.625 ; gain = 945.871
---------------------------------------------------------------------------------
---------------------------------------------------------------------------------
Start Handling Custom Attributes
---------------------------------------------------------------------------------
---------------------------------------------------------------------------------
Finished Handling Custom Attributes : Time (s): cpu = 00:00:34 ; elapsed = 00:00:39 . Memory (MB): peak = 1729.625 ; gain = 945.871
---------------------------------------------------------------------------------
---------------------------------------------------------------------------------
Start Renaming Generated Nets
---------------------------------------------------------------------------------
---------------------------------------------------------------------------------
Finished Renaming Generated Nets : Time (s): cpu = 00:00:34 ; elapsed = 00:00:39 . Memory (MB): peak = 1729.625 ; gain = 945.871
---------------------------------------------------------------------------------
---------------------------------------------------------------------------------
Start Writing Synthesis Report
---------------------------------------------------------------------------------

Report BlackBoxes: 
+-+--------------+----------+
| |BlackBox name |Instances |
+-+--------------+----------+
+-+--------------+----------+

Report Cell Usage: 
+------+-------+------+
|      |Cell   |Count |
+------+-------+------+
|1     |CARRY4 |    32|
|2     |LUT1   |     9|
|3     |LUT2   |   133|
|4     |LUT3   |    48|
|5     |LUT4   |    21|
|6     |LUT5   |    17|
|7     |LUT6   |    66|
|8     |FDCE   |     6|
|9     |FDPE   |     1|
|10    |FDRE   |   243|
+------+-------+------+
---------------------------------------------------------------------------------
Finished Writing Synthesis Report : Time (s): cpu = 00:00:34 ; elapsed = 00:00:39 . Memory (MB): peak = 1729.625 ; gain = 945.871
---------------------------------------------------------------------------------
Synthesis finished with 0 errors, 0 critical warnings and 0 warnings.
Synthesis Optimization Runtime : Time (s): cpu = 00:00:22 ; elapsed = 00:00:36 . Memory (MB): peak = 1729.625 ; gain = 867.438
Synthesis Optimization Complete : Time (s): cpu = 00:00:34 ; elapsed = 00:00:39 . Memory (MB): peak = 1729.625 ; gain = 945.871
INFO: [Project 1-571] Translating synthesized netlist
Netlist sorting complete. Time (s): cpu = 00:00:00 ; elapsed = 00:00:00.012 . Memory (MB): peak = 1741.688 ; gain = 0.000
INFO: [Netlist 29-17] Analyzing 32 Unisim elements for replacement
INFO: [Netlist 29-28] Unisim Transformation completed in 0 CPU seconds
INFO: [Project 1-570] Preparing netlist for logic optimization
INFO: [Opt 31-138] Pushed 0 inverter(s) to 0 load pin(s).
Netlist sorting complete. Time (s): cpu = 00:00:00 ; elapsed = 00:00:00 . Memory (MB): peak = 1842.797 ; gain = 0.000
INFO: [Project 1-111] Unisim Transformation Summary:
No Unisim elements were transformed.

Synth Design complete | Checksum: 9f50b570
INFO: [Common 17-83] Releasing license: Synthesis
59 Infos, 7 Warnings, 0 Critical Warnings and 0 Errors encountered.
synth_design completed successfully
synth_design: Time (s): cpu = 00:00:41 ; elapsed = 00:00:49 . Memory (MB): peak = 1842.797 ; gain = 1282.992
INFO: [Coretcl 2-1174] Renamed 29 cell refs.
Write ShapeDB Complete: Time (s): cpu = 00:00:00 ; elapsed = 00:00:00.003 . Memory (MB): peak = 1842.797 ; gain = 0.000
INFO: [Common 17-1381] The checkpoint 'C:/Code/SeniorDesign/SeniorDesign/MAGLAB_PYNQ/MAGLAB_PYNQ.runs/design_1_SoftProc_0_0_synth_1/design_1_SoftProc_0_0.dcp' has been generated.
INFO: [Vivado 12-24828] Executing command : report_utilization -file design_1_SoftProc_0_0_utilization_synth.rpt -pb design_1_SoftProc_0_0_utilization_synth.pb
INFO: [Common 17-206] Exiting Vivado at Sun Apr 19 11:38:20 2026...
