
*** Running vivado
    with args -log design_1_wrapper.vds -m64 -product Vivado -mode batch -messageDb vivado.pb -notrace -source design_1_wrapper.tcl



****** Vivado v2025.2 (64-bit)
  **** SW Build 6299465 on Fri Nov 14 19:35:11 GMT 2025
  **** IP Build 6300035 on Fri Nov 14 10:48:45 MST 2025
  **** SharedData Build 6298862 on Thu Nov 13 04:50:51 MST 2025
  **** Start of session at: Sun Apr 19 11:38:32 2026
    ** Copyright 1986-2022 Xilinx, Inc. All Rights Reserved.
    ** Copyright 2022-2025 Advanced Micro Devices, Inc. All Rights Reserved.

source design_1_wrapper.tcl -notrace
create_project: Time (s): cpu = 00:00:15 ; elapsed = 00:00:11 . Memory (MB): peak = 540.066 ; gain = 219.492
INFO: [IP_Flow 19-234] Refreshing IP repositories
INFO: [IP_Flow 19-1704] No user IP repositories specified
INFO: [IP_Flow 19-2313] Loaded Vivado IP repository 'C:/AMDDesignTools/2025.2/Vivado/data/ip'.
WARNING: [IP_Flow 19-12246] XCI file 'c:/Code/SeniorDesign/SeniorDesign/MAGLAB_PYNQ/MAGLAB_PYNQ.srcs/sources_1/bd/design_1/ip/design_1_axis_broadcaster_0_0/design_1_axis_broadcaster_0_0.xci' contents have changed since it was last written.
INFO: [Project 1-5698] Found the below utility IPs instantiated in block design C:/Code/SeniorDesign/SeniorDesign/MAGLAB_PYNQ/MAGLAB_PYNQ.srcs/sources_1/bd/design_1/design_1.bd which have equivalent inline hdl with improved performance and reduced diskspace.
It is recommended to migrate these utility IPs to inline hdl  using the command upgrade_project -migrate_to_inline_hdl.  The utility IPs may be deprecated in future releases.
More information on inline hdl is available in UG994.
Utility IP Component Instances:
 design_1_xlconstant_0_0
add_files: Time (s): cpu = 00:00:05 ; elapsed = 00:00:07 . Memory (MB): peak = 588.238 ; gain = 48.172
Command: read_checkpoint -auto_incremental -incremental C:/Code/SeniorDesign/SeniorDesign/MAGLAB_PYNQ/MAGLAB_PYNQ.srcs/utils_1/imports/synth_1/FPGA_core.dcp
INFO: [Vivado 12-5825] Read reference checkpoint from C:/Code/SeniorDesign/SeniorDesign/MAGLAB_PYNQ/MAGLAB_PYNQ.srcs/utils_1/imports/synth_1/FPGA_core.dcp for incremental synthesis
INFO: [Vivado 12-7989] Please ensure there are no constraint changes
Command: synth_design -top design_1_wrapper -part xc7z020clg400-1
Starting synth_design
Attempting to get a license for feature 'Synthesis' and/or device 'xc7z020'
INFO: [Common 17-349] Got license for feature 'Synthesis' and/or device 'xc7z020'
INFO: [Device 21-403] Loading part xc7z020clg400-1
INFO: [Designutils 20-5440] No compile time benefit to using incremental synthesis; A full resynthesis will be run
INFO: [Designutils 20-4379] Flow is switching to default flow due to incremental criteria not met. If you would like to alter this behaviour and have the flow terminate instead, please set the following parameter config_implementation {autoIncr.Synth.RejectBehavior Terminate}
INFO: [Synth 8-7079] Multithreading enabled for synth_design using a maximum of 2 processes.
INFO: [Synth 8-7078] Launching helper process for spawning children vivado processes
INFO: [Synth 8-7075] Helper process launched with PID 10692
---------------------------------------------------------------------------------
Starting RTL Elaboration : Time (s): cpu = 00:00:10 ; elapsed = 00:00:10 . Memory (MB): peak = 1365.566 ; gain = 541.035
---------------------------------------------------------------------------------
INFO: [Synth 8-6157] synthesizing module 'design_1_wrapper' [C:/Code/SeniorDesign/SeniorDesign/MAGLAB_PYNQ/MAGLAB_PYNQ.gen/sources_1/bd/design_1/hdl/design_1_wrapper.v:13]
INFO: [Synth 8-6157] synthesizing module 'design_1' [c:/Code/SeniorDesign/SeniorDesign/MAGLAB_PYNQ/MAGLAB_PYNQ.gen/sources_1/bd/design_1/synth/design_1.v:13]
INFO: [Synth 8-6157] synthesizing module 'design_1_FPGA_core_0_0' [C:/Code/SeniorDesign/SeniorDesign/MAGLAB_PYNQ/MAGLAB_PYNQ.runs/synth_1/.Xil/Vivado-29372-DESKTOP-J6HVFTT/realtime/design_1_FPGA_core_0_0_stub.v:6]
INFO: [Synth 8-6155] done synthesizing module 'design_1_FPGA_core_0_0' (0#1) [C:/Code/SeniorDesign/SeniorDesign/MAGLAB_PYNQ/MAGLAB_PYNQ.runs/synth_1/.Xil/Vivado-29372-DESKTOP-J6HVFTT/realtime/design_1_FPGA_core_0_0_stub.v:6]
WARNING: [Synth 8-7071] port 'm_axis_tvalid' of module 'design_1_FPGA_core_0_0' is unconnected for instance 'FPGA_core_0' [c:/Code/SeniorDesign/SeniorDesign/MAGLAB_PYNQ/MAGLAB_PYNQ.gen/sources_1/bd/design_1/synth/design_1.v:215]
WARNING: [Synth 8-7023] instance 'FPGA_core_0' of module 'design_1_FPGA_core_0_0' has 8 connections declared, but only 7 given [c:/Code/SeniorDesign/SeniorDesign/MAGLAB_PYNQ/MAGLAB_PYNQ.gen/sources_1/bd/design_1/synth/design_1.v:215]
INFO: [Synth 8-6157] synthesizing module 'design_1_SoftProc_0_0' [C:/Code/SeniorDesign/SeniorDesign/MAGLAB_PYNQ/MAGLAB_PYNQ.runs/synth_1/.Xil/Vivado-29372-DESKTOP-J6HVFTT/realtime/design_1_SoftProc_0_0_stub.v:6]
INFO: [Synth 8-6155] done synthesizing module 'design_1_SoftProc_0_0' (0#1) [C:/Code/SeniorDesign/SeniorDesign/MAGLAB_PYNQ/MAGLAB_PYNQ.runs/synth_1/.Xil/Vivado-29372-DESKTOP-J6HVFTT/realtime/design_1_SoftProc_0_0_stub.v:6]
INFO: [Synth 8-6157] synthesizing module 'design_1_axi_smc_0' [C:/Code/SeniorDesign/SeniorDesign/MAGLAB_PYNQ/MAGLAB_PYNQ.runs/synth_1/.Xil/Vivado-29372-DESKTOP-J6HVFTT/realtime/design_1_axi_smc_0_stub.v:6]
INFO: [Synth 8-6155] done synthesizing module 'design_1_axi_smc_0' (0#1) [C:/Code/SeniorDesign/SeniorDesign/MAGLAB_PYNQ/MAGLAB_PYNQ.runs/synth_1/.Xil/Vivado-29372-DESKTOP-J6HVFTT/realtime/design_1_axi_smc_0_stub.v:6]
WARNING: [Synth 8-7071] port 'M00_AXI_awprot' of module 'design_1_axi_smc_0' is unconnected for instance 'axi_smc' [c:/Code/SeniorDesign/SeniorDesign/MAGLAB_PYNQ/MAGLAB_PYNQ.gen/sources_1/bd/design_1/synth/design_1.v:236]
WARNING: [Synth 8-7071] port 'M00_AXI_wstrb' of module 'design_1_axi_smc_0' is unconnected for instance 'axi_smc' [c:/Code/SeniorDesign/SeniorDesign/MAGLAB_PYNQ/MAGLAB_PYNQ.gen/sources_1/bd/design_1/synth/design_1.v:236]
WARNING: [Synth 8-7071] port 'M00_AXI_arprot' of module 'design_1_axi_smc_0' is unconnected for instance 'axi_smc' [c:/Code/SeniorDesign/SeniorDesign/MAGLAB_PYNQ/MAGLAB_PYNQ.gen/sources_1/bd/design_1/synth/design_1.v:236]
WARNING: [Synth 8-7023] instance 'axi_smc' of module 'design_1_axi_smc_0' has 59 connections declared, but only 56 given [c:/Code/SeniorDesign/SeniorDesign/MAGLAB_PYNQ/MAGLAB_PYNQ.gen/sources_1/bd/design_1/synth/design_1.v:236]
INFO: [Synth 8-6157] synthesizing module 'design_1_axis_broadcaster_0_0' [C:/Code/SeniorDesign/SeniorDesign/MAGLAB_PYNQ/MAGLAB_PYNQ.runs/synth_1/.Xil/Vivado-29372-DESKTOP-J6HVFTT/realtime/design_1_axis_broadcaster_0_0_stub.v:6]
INFO: [Synth 8-6155] done synthesizing module 'design_1_axis_broadcaster_0_0' (0#1) [C:/Code/SeniorDesign/SeniorDesign/MAGLAB_PYNQ/MAGLAB_PYNQ.runs/synth_1/.Xil/Vivado-29372-DESKTOP-J6HVFTT/realtime/design_1_axis_broadcaster_0_0_stub.v:6]
INFO: [Synth 8-6157] synthesizing module 'design_1_axis_data_fifo_0_1' [C:/Code/SeniorDesign/SeniorDesign/MAGLAB_PYNQ/MAGLAB_PYNQ.runs/synth_1/.Xil/Vivado-29372-DESKTOP-J6HVFTT/realtime/design_1_axis_data_fifo_0_1_stub.v:6]
INFO: [Synth 8-6155] done synthesizing module 'design_1_axis_data_fifo_0_1' (0#1) [C:/Code/SeniorDesign/SeniorDesign/MAGLAB_PYNQ/MAGLAB_PYNQ.runs/synth_1/.Xil/Vivado-29372-DESKTOP-J6HVFTT/realtime/design_1_axis_data_fifo_0_1_stub.v:6]
INFO: [Synth 8-6157] synthesizing module 'design_1_axi_dma_0_0' [C:/Code/SeniorDesign/SeniorDesign/MAGLAB_PYNQ/MAGLAB_PYNQ.runs/synth_1/.Xil/Vivado-29372-DESKTOP-J6HVFTT/realtime/design_1_axi_dma_0_0_stub.v:6]
INFO: [Synth 8-6155] done synthesizing module 'design_1_axi_dma_0_0' (0#1) [C:/Code/SeniorDesign/SeniorDesign/MAGLAB_PYNQ/MAGLAB_PYNQ.runs/synth_1/.Xil/Vivado-29372-DESKTOP-J6HVFTT/realtime/design_1_axi_dma_0_0_stub.v:6]
WARNING: [Synth 8-7071] port 's2mm_prmry_reset_out_n' of module 'design_1_axi_dma_0_0' is unconnected for instance 'dma' [c:/Code/SeniorDesign/SeniorDesign/MAGLAB_PYNQ/MAGLAB_PYNQ.gen/sources_1/bd/design_1/synth/design_1.v:320]
WARNING: [Synth 8-7071] port 's2mm_introut' of module 'design_1_axi_dma_0_0' is unconnected for instance 'dma' [c:/Code/SeniorDesign/SeniorDesign/MAGLAB_PYNQ/MAGLAB_PYNQ.gen/sources_1/bd/design_1/synth/design_1.v:320]
WARNING: [Synth 8-7071] port 'axi_dma_tstvec' of module 'design_1_axi_dma_0_0' is unconnected for instance 'dma' [c:/Code/SeniorDesign/SeniorDesign/MAGLAB_PYNQ/MAGLAB_PYNQ.gen/sources_1/bd/design_1/synth/design_1.v:320]
WARNING: [Synth 8-7023] instance 'dma' of module 'design_1_axi_dma_0_0' has 43 connections declared, but only 40 given [c:/Code/SeniorDesign/SeniorDesign/MAGLAB_PYNQ/MAGLAB_PYNQ.gen/sources_1/bd/design_1/synth/design_1.v:320]
INFO: [Synth 8-6157] synthesizing module 'design_1_processing_system7_0_0' [C:/Code/SeniorDesign/SeniorDesign/MAGLAB_PYNQ/MAGLAB_PYNQ.runs/synth_1/.Xil/Vivado-29372-DESKTOP-J6HVFTT/realtime/design_1_processing_system7_0_0_stub.v:6]
INFO: [Synth 8-6155] done synthesizing module 'design_1_processing_system7_0_0' (0#1) [C:/Code/SeniorDesign/SeniorDesign/MAGLAB_PYNQ/MAGLAB_PYNQ.runs/synth_1/.Xil/Vivado-29372-DESKTOP-J6HVFTT/realtime/design_1_processing_system7_0_0_stub.v:6]
WARNING: [Synth 8-7071] port 'USB0_PORT_INDCTL' of module 'design_1_processing_system7_0_0' is unconnected for instance 'processing_system7_0' [c:/Code/SeniorDesign/SeniorDesign/MAGLAB_PYNQ/MAGLAB_PYNQ.gen/sources_1/bd/design_1/synth/design_1.v:361]
WARNING: [Synth 8-7071] port 'USB0_VBUS_PWRSELECT' of module 'design_1_processing_system7_0_0' is unconnected for instance 'processing_system7_0' [c:/Code/SeniorDesign/SeniorDesign/MAGLAB_PYNQ/MAGLAB_PYNQ.gen/sources_1/bd/design_1/synth/design_1.v:361]
WARNING: [Synth 8-7071] port 'S_AXI_HP0_ARREADY' of module 'design_1_processing_system7_0_0' is unconnected for instance 'processing_system7_0' [c:/Code/SeniorDesign/SeniorDesign/MAGLAB_PYNQ/MAGLAB_PYNQ.gen/sources_1/bd/design_1/synth/design_1.v:361]
WARNING: [Synth 8-7071] port 'S_AXI_HP0_RLAST' of module 'design_1_processing_system7_0_0' is unconnected for instance 'processing_system7_0' [c:/Code/SeniorDesign/SeniorDesign/MAGLAB_PYNQ/MAGLAB_PYNQ.gen/sources_1/bd/design_1/synth/design_1.v:361]
WARNING: [Synth 8-7071] port 'S_AXI_HP0_RVALID' of module 'design_1_processing_system7_0_0' is unconnected for instance 'processing_system7_0' [c:/Code/SeniorDesign/SeniorDesign/MAGLAB_PYNQ/MAGLAB_PYNQ.gen/sources_1/bd/design_1/synth/design_1.v:361]
WARNING: [Synth 8-7071] port 'S_AXI_HP0_RRESP' of module 'design_1_processing_system7_0_0' is unconnected for instance 'processing_system7_0' [c:/Code/SeniorDesign/SeniorDesign/MAGLAB_PYNQ/MAGLAB_PYNQ.gen/sources_1/bd/design_1/synth/design_1.v:361]
WARNING: [Synth 8-7071] port 'S_AXI_HP0_BID' of module 'design_1_processing_system7_0_0' is unconnected for instance 'processing_system7_0' [c:/Code/SeniorDesign/SeniorDesign/MAGLAB_PYNQ/MAGLAB_PYNQ.gen/sources_1/bd/design_1/synth/design_1.v:361]
WARNING: [Synth 8-7071] port 'S_AXI_HP0_RID' of module 'design_1_processing_system7_0_0' is unconnected for instance 'processing_system7_0' [c:/Code/SeniorDesign/SeniorDesign/MAGLAB_PYNQ/MAGLAB_PYNQ.gen/sources_1/bd/design_1/synth/design_1.v:361]
WARNING: [Synth 8-7071] port 'S_AXI_HP0_RDATA' of module 'design_1_processing_system7_0_0' is unconnected for instance 'processing_system7_0' [c:/Code/SeniorDesign/SeniorDesign/MAGLAB_PYNQ/MAGLAB_PYNQ.gen/sources_1/bd/design_1/synth/design_1.v:361]
WARNING: [Synth 8-7071] port 'S_AXI_HP0_RCOUNT' of module 'design_1_processing_system7_0_0' is unconnected for instance 'processing_system7_0' [c:/Code/SeniorDesign/SeniorDesign/MAGLAB_PYNQ/MAGLAB_PYNQ.gen/sources_1/bd/design_1/synth/design_1.v:361]
WARNING: [Synth 8-7071] port 'S_AXI_HP0_WCOUNT' of module 'design_1_processing_system7_0_0' is unconnected for instance 'processing_system7_0' [c:/Code/SeniorDesign/SeniorDesign/MAGLAB_PYNQ/MAGLAB_PYNQ.gen/sources_1/bd/design_1/synth/design_1.v:361]
WARNING: [Synth 8-7071] port 'S_AXI_HP0_RACOUNT' of module 'design_1_processing_system7_0_0' is unconnected for instance 'processing_system7_0' [c:/Code/SeniorDesign/SeniorDesign/MAGLAB_PYNQ/MAGLAB_PYNQ.gen/sources_1/bd/design_1/synth/design_1.v:361]
WARNING: [Synth 8-7071] port 'S_AXI_HP0_WACOUNT' of module 'design_1_processing_system7_0_0' is unconnected for instance 'processing_system7_0' [c:/Code/SeniorDesign/SeniorDesign/MAGLAB_PYNQ/MAGLAB_PYNQ.gen/sources_1/bd/design_1/synth/design_1.v:361]
WARNING: [Synth 8-7023] instance 'processing_system7_0' of module 'design_1_processing_system7_0_0' has 110 connections declared, but only 97 given [c:/Code/SeniorDesign/SeniorDesign/MAGLAB_PYNQ/MAGLAB_PYNQ.gen/sources_1/bd/design_1/synth/design_1.v:361]
INFO: [Synth 8-6157] synthesizing module 'design_1_rst_ps7_0_50M_0' [C:/Code/SeniorDesign/SeniorDesign/MAGLAB_PYNQ/MAGLAB_PYNQ.runs/synth_1/.Xil/Vivado-29372-DESKTOP-J6HVFTT/realtime/design_1_rst_ps7_0_50M_0_stub.v:6]
INFO: [Synth 8-6155] done synthesizing module 'design_1_rst_ps7_0_50M_0' (0#1) [C:/Code/SeniorDesign/SeniorDesign/MAGLAB_PYNQ/MAGLAB_PYNQ.runs/synth_1/.Xil/Vivado-29372-DESKTOP-J6HVFTT/realtime/design_1_rst_ps7_0_50M_0_stub.v:6]
WARNING: [Synth 8-7071] port 'mb_reset' of module 'design_1_rst_ps7_0_50M_0' is unconnected for instance 'rst_ps7_0_50M' [c:/Code/SeniorDesign/SeniorDesign/MAGLAB_PYNQ/MAGLAB_PYNQ.gen/sources_1/bd/design_1/synth/design_1.v:459]
WARNING: [Synth 8-7071] port 'bus_struct_reset' of module 'design_1_rst_ps7_0_50M_0' is unconnected for instance 'rst_ps7_0_50M' [c:/Code/SeniorDesign/SeniorDesign/MAGLAB_PYNQ/MAGLAB_PYNQ.gen/sources_1/bd/design_1/synth/design_1.v:459]
WARNING: [Synth 8-7071] port 'peripheral_reset' of module 'design_1_rst_ps7_0_50M_0' is unconnected for instance 'rst_ps7_0_50M' [c:/Code/SeniorDesign/SeniorDesign/MAGLAB_PYNQ/MAGLAB_PYNQ.gen/sources_1/bd/design_1/synth/design_1.v:459]
WARNING: [Synth 8-7071] port 'interconnect_aresetn' of module 'design_1_rst_ps7_0_50M_0' is unconnected for instance 'rst_ps7_0_50M' [c:/Code/SeniorDesign/SeniorDesign/MAGLAB_PYNQ/MAGLAB_PYNQ.gen/sources_1/bd/design_1/synth/design_1.v:459]
WARNING: [Synth 8-7023] instance 'rst_ps7_0_50M' of module 'design_1_rst_ps7_0_50M_0' has 10 connections declared, but only 6 given [c:/Code/SeniorDesign/SeniorDesign/MAGLAB_PYNQ/MAGLAB_PYNQ.gen/sources_1/bd/design_1/synth/design_1.v:459]
INFO: [Synth 8-6157] synthesizing module 'design_1_smartconnect_0_0' [C:/Code/SeniorDesign/SeniorDesign/MAGLAB_PYNQ/MAGLAB_PYNQ.runs/synth_1/.Xil/Vivado-29372-DESKTOP-J6HVFTT/realtime/design_1_smartconnect_0_0_stub.v:6]
INFO: [Synth 8-6155] done synthesizing module 'design_1_smartconnect_0_0' (0#1) [C:/Code/SeniorDesign/SeniorDesign/MAGLAB_PYNQ/MAGLAB_PYNQ.runs/synth_1/.Xil/Vivado-29372-DESKTOP-J6HVFTT/realtime/design_1_smartconnect_0_0_stub.v:6]
INFO: [Synth 8-6157] synthesizing module 'design_1_uart_main_0_0' [C:/Code/SeniorDesign/SeniorDesign/MAGLAB_PYNQ/MAGLAB_PYNQ.runs/synth_1/.Xil/Vivado-29372-DESKTOP-J6HVFTT/realtime/design_1_uart_main_0_0_stub.v:6]
INFO: [Synth 8-6155] done synthesizing module 'design_1_uart_main_0_0' (0#1) [C:/Code/SeniorDesign/SeniorDesign/MAGLAB_PYNQ/MAGLAB_PYNQ.runs/synth_1/.Xil/Vivado-29372-DESKTOP-J6HVFTT/realtime/design_1_uart_main_0_0_stub.v:6]
INFO: [Synth 8-6157] synthesizing module 'design_1_util_ds_buf_0_0' [C:/Code/SeniorDesign/SeniorDesign/MAGLAB_PYNQ/MAGLAB_PYNQ.runs/synth_1/.Xil/Vivado-29372-DESKTOP-J6HVFTT/realtime/design_1_util_ds_buf_0_0_stub.v:6]
INFO: [Synth 8-6155] done synthesizing module 'design_1_util_ds_buf_0_0' (0#1) [C:/Code/SeniorDesign/SeniorDesign/MAGLAB_PYNQ/MAGLAB_PYNQ.runs/synth_1/.Xil/Vivado-29372-DESKTOP-J6HVFTT/realtime/design_1_util_ds_buf_0_0_stub.v:6]
INFO: [Synth 8-6157] synthesizing module 'design_1_xlconstant_0_0' [c:/Code/SeniorDesign/SeniorDesign/MAGLAB_PYNQ/MAGLAB_PYNQ.gen/sources_1/bd/design_1/ip/design_1_xlconstant_0_0/synth/design_1_xlconstant_0_0.v:53]
INFO: [Synth 8-6157] synthesizing module 'xlconstant_v1_1_10_xlconstant' [c:/Code/SeniorDesign/SeniorDesign/MAGLAB_PYNQ/MAGLAB_PYNQ.gen/sources_1/bd/design_1/ipshared/a165/hdl/xlconstant_v1_1_vl_rfs.v:68]
INFO: [Synth 8-6155] done synthesizing module 'xlconstant_v1_1_10_xlconstant' (0#1) [c:/Code/SeniorDesign/SeniorDesign/MAGLAB_PYNQ/MAGLAB_PYNQ.gen/sources_1/bd/design_1/ipshared/a165/hdl/xlconstant_v1_1_vl_rfs.v:68]
INFO: [Synth 8-6155] done synthesizing module 'design_1_xlconstant_0_0' (0#1) [c:/Code/SeniorDesign/SeniorDesign/MAGLAB_PYNQ/MAGLAB_PYNQ.gen/sources_1/bd/design_1/ip/design_1_xlconstant_0_0/synth/design_1_xlconstant_0_0.v:53]
INFO: [Synth 8-6155] done synthesizing module 'design_1' (0#1) [c:/Code/SeniorDesign/SeniorDesign/MAGLAB_PYNQ/MAGLAB_PYNQ.gen/sources_1/bd/design_1/synth/design_1.v:13]
INFO: [Synth 8-6155] done synthesizing module 'design_1_wrapper' (0#1) [C:/Code/SeniorDesign/SeniorDesign/MAGLAB_PYNQ/MAGLAB_PYNQ.gen/sources_1/bd/design_1/hdl/design_1_wrapper.v:13]
---------------------------------------------------------------------------------
Finished RTL Elaboration : Time (s): cpu = 00:00:13 ; elapsed = 00:00:14 . Memory (MB): peak = 1492.816 ; gain = 668.285
---------------------------------------------------------------------------------
---------------------------------------------------------------------------------
Start Handling Custom Attributes
---------------------------------------------------------------------------------
---------------------------------------------------------------------------------
Finished Handling Custom Attributes : Time (s): cpu = 00:00:13 ; elapsed = 00:00:14 . Memory (MB): peak = 1492.816 ; gain = 668.285
---------------------------------------------------------------------------------
---------------------------------------------------------------------------------
Finished RTL Optimization Phase 1 : Time (s): cpu = 00:00:13 ; elapsed = 00:00:14 . Memory (MB): peak = 1492.816 ; gain = 668.285
---------------------------------------------------------------------------------
Netlist sorting complete. Time (s): cpu = 00:00:00 ; elapsed = 00:00:00.015 . Memory (MB): peak = 1492.816 ; gain = 0.000
INFO: [Project 1-570] Preparing netlist for logic optimization

Processing XDC Constraints
Initializing timing engine
Parsing XDC File [c:/Code/SeniorDesign/SeniorDesign/MAGLAB_PYNQ/MAGLAB_PYNQ.gen/sources_1/bd/design_1/ip/design_1_FPGA_core_0_0/design_1_FPGA_core_0_0/design_1_FPGA_core_0_0_in_context.xdc] for cell 'design_1_i/FPGA_core_0'
Finished Parsing XDC File [c:/Code/SeniorDesign/SeniorDesign/MAGLAB_PYNQ/MAGLAB_PYNQ.gen/sources_1/bd/design_1/ip/design_1_FPGA_core_0_0/design_1_FPGA_core_0_0/design_1_FPGA_core_0_0_in_context.xdc] for cell 'design_1_i/FPGA_core_0'
Parsing XDC File [c:/Code/SeniorDesign/SeniorDesign/MAGLAB_PYNQ/MAGLAB_PYNQ.gen/sources_1/bd/design_1/ip/design_1_processing_system7_0_0/design_1_processing_system7_0_0/design_1_processing_system7_0_0_in_context.xdc] for cell 'design_1_i/processing_system7_0'
Finished Parsing XDC File [c:/Code/SeniorDesign/SeniorDesign/MAGLAB_PYNQ/MAGLAB_PYNQ.gen/sources_1/bd/design_1/ip/design_1_processing_system7_0_0/design_1_processing_system7_0_0/design_1_processing_system7_0_0_in_context.xdc] for cell 'design_1_i/processing_system7_0'
Parsing XDC File [c:/Code/SeniorDesign/SeniorDesign/MAGLAB_PYNQ/MAGLAB_PYNQ.gen/sources_1/bd/design_1/ip/design_1_axi_dma_0_0/design_1_axi_dma_0_0/design_1_axi_dma_0_0_in_context.xdc] for cell 'design_1_i/dma'
Finished Parsing XDC File [c:/Code/SeniorDesign/SeniorDesign/MAGLAB_PYNQ/MAGLAB_PYNQ.gen/sources_1/bd/design_1/ip/design_1_axi_dma_0_0/design_1_axi_dma_0_0/design_1_axi_dma_0_0_in_context.xdc] for cell 'design_1_i/dma'
Parsing XDC File [c:/Code/SeniorDesign/SeniorDesign/MAGLAB_PYNQ/MAGLAB_PYNQ.gen/sources_1/bd/design_1/ip/design_1_axi_smc_0/design_1_axi_smc_0/design_1_axi_smc_0_in_context.xdc] for cell 'design_1_i/axi_smc'
Finished Parsing XDC File [c:/Code/SeniorDesign/SeniorDesign/MAGLAB_PYNQ/MAGLAB_PYNQ.gen/sources_1/bd/design_1/ip/design_1_axi_smc_0/design_1_axi_smc_0/design_1_axi_smc_0_in_context.xdc] for cell 'design_1_i/axi_smc'
Parsing XDC File [c:/Code/SeniorDesign/SeniorDesign/MAGLAB_PYNQ/MAGLAB_PYNQ.gen/sources_1/bd/design_1/ip/design_1_rst_ps7_0_50M_0/design_1_rst_ps7_0_50M_0/design_1_rst_ps7_0_50M_0_in_context.xdc] for cell 'design_1_i/rst_ps7_0_50M'
Finished Parsing XDC File [c:/Code/SeniorDesign/SeniorDesign/MAGLAB_PYNQ/MAGLAB_PYNQ.gen/sources_1/bd/design_1/ip/design_1_rst_ps7_0_50M_0/design_1_rst_ps7_0_50M_0/design_1_rst_ps7_0_50M_0_in_context.xdc] for cell 'design_1_i/rst_ps7_0_50M'
Parsing XDC File [c:/Code/SeniorDesign/SeniorDesign/MAGLAB_PYNQ/MAGLAB_PYNQ.gen/sources_1/bd/design_1/ip/design_1_axis_data_fifo_0_1/design_1_axis_data_fifo_0_1/design_1_axis_data_fifo_0_1_in_context.xdc] for cell 'design_1_i/axis_data_fifo_0'
Finished Parsing XDC File [c:/Code/SeniorDesign/SeniorDesign/MAGLAB_PYNQ/MAGLAB_PYNQ.gen/sources_1/bd/design_1/ip/design_1_axis_data_fifo_0_1/design_1_axis_data_fifo_0_1/design_1_axis_data_fifo_0_1_in_context.xdc] for cell 'design_1_i/axis_data_fifo_0'
Parsing XDC File [c:/Code/SeniorDesign/SeniorDesign/MAGLAB_PYNQ/MAGLAB_PYNQ.gen/sources_1/bd/design_1/ip/design_1_smartconnect_0_0/design_1_smartconnect_0_0/design_1_smartconnect_0_0_in_context.xdc] for cell 'design_1_i/smartconnect_0'
Finished Parsing XDC File [c:/Code/SeniorDesign/SeniorDesign/MAGLAB_PYNQ/MAGLAB_PYNQ.gen/sources_1/bd/design_1/ip/design_1_smartconnect_0_0/design_1_smartconnect_0_0/design_1_smartconnect_0_0_in_context.xdc] for cell 'design_1_i/smartconnect_0'
Parsing XDC File [c:/Code/SeniorDesign/SeniorDesign/MAGLAB_PYNQ/MAGLAB_PYNQ.gen/sources_1/bd/design_1/ip/design_1_util_ds_buf_0_0/design_1_util_ds_buf_0_0/design_1_util_ds_buf_0_0_in_context.xdc] for cell 'design_1_i/util_ds_buf_0'
Finished Parsing XDC File [c:/Code/SeniorDesign/SeniorDesign/MAGLAB_PYNQ/MAGLAB_PYNQ.gen/sources_1/bd/design_1/ip/design_1_util_ds_buf_0_0/design_1_util_ds_buf_0_0/design_1_util_ds_buf_0_0_in_context.xdc] for cell 'design_1_i/util_ds_buf_0'
Parsing XDC File [c:/Code/SeniorDesign/SeniorDesign/MAGLAB_PYNQ/MAGLAB_PYNQ.gen/sources_1/bd/design_1/ip/design_1_uart_main_0_0/design_1_uart_main_0_0/design_1_uart_main_0_0_in_context.xdc] for cell 'design_1_i/uart_main_0'
Finished Parsing XDC File [c:/Code/SeniorDesign/SeniorDesign/MAGLAB_PYNQ/MAGLAB_PYNQ.gen/sources_1/bd/design_1/ip/design_1_uart_main_0_0/design_1_uart_main_0_0/design_1_uart_main_0_0_in_context.xdc] for cell 'design_1_i/uart_main_0'
Parsing XDC File [c:/Code/SeniorDesign/SeniorDesign/MAGLAB_PYNQ/MAGLAB_PYNQ.gen/sources_1/bd/design_1/ip/design_1_SoftProc_0_0/design_1_SoftProc_0_0/design_1_SoftProc_0_0_in_context.xdc] for cell 'design_1_i/SoftProc_0'
Finished Parsing XDC File [c:/Code/SeniorDesign/SeniorDesign/MAGLAB_PYNQ/MAGLAB_PYNQ.gen/sources_1/bd/design_1/ip/design_1_SoftProc_0_0/design_1_SoftProc_0_0/design_1_SoftProc_0_0_in_context.xdc] for cell 'design_1_i/SoftProc_0'
Parsing XDC File [c:/Code/SeniorDesign/SeniorDesign/MAGLAB_PYNQ/MAGLAB_PYNQ.gen/sources_1/bd/design_1/ip/design_1_axis_broadcaster_0_0/design_1_axis_broadcaster_0_0/design_1_axis_broadcaster_0_0_in_context.xdc] for cell 'design_1_i/axis_broadcaster_0'
Finished Parsing XDC File [c:/Code/SeniorDesign/SeniorDesign/MAGLAB_PYNQ/MAGLAB_PYNQ.gen/sources_1/bd/design_1/ip/design_1_axis_broadcaster_0_0/design_1_axis_broadcaster_0_0/design_1_axis_broadcaster_0_0_in_context.xdc] for cell 'design_1_i/axis_broadcaster_0'
Parsing XDC File [C:/Code/SeniorDesign/SeniorDesign/MAGLAB_PYNQ/MAGLAB_PYNQ.srcs/constrs_1/imports/pynq-z2/PYNQ-Z2 v1.0.xdc]
WARNING: [Vivado 12-508] No pins matched 'processing_system7_0/FCLK_CLK0'. [C:/Code/SeniorDesign/SeniorDesign/MAGLAB_PYNQ/MAGLAB_PYNQ.srcs/constrs_1/imports/pynq-z2/PYNQ-Z2 v1.0.xdc:198]
Finished Parsing XDC File [C:/Code/SeniorDesign/SeniorDesign/MAGLAB_PYNQ/MAGLAB_PYNQ.srcs/constrs_1/imports/pynq-z2/PYNQ-Z2 v1.0.xdc]
WARNING: [Project 1-498] One or more constraints failed evaluation while reading constraint file [C:/Code/SeniorDesign/SeniorDesign/MAGLAB_PYNQ/MAGLAB_PYNQ.srcs/constrs_1/imports/pynq-z2/PYNQ-Z2 v1.0.xdc] and the design contains unresolved black boxes. These constraints will be read post-synthesis (as long as their source constraint file is marked as used_in_implementation) and should be applied correctly then. You should review the constraints listed in the file [.Xil/design_1_wrapper_propImpl.xdc] and check the run log file to verify that these constraints were correctly applied.
INFO: [Project 1-236] Implementation specific constraints were found while reading constraint file [C:/Code/SeniorDesign/SeniorDesign/MAGLAB_PYNQ/MAGLAB_PYNQ.srcs/constrs_1/imports/pynq-z2/PYNQ-Z2 v1.0.xdc]. These constraints will be ignored for synthesis but will be used in implementation. Impacted constraints are listed in the file [.Xil/design_1_wrapper_propImpl.xdc].
Resolution: To avoid this warning, move constraints listed in [.Xil/design_1_wrapper_propImpl.xdc] to another XDC file and exclude this new file from synthesis with the used_in_synthesis property (File Properties dialog in GUI) and re-run elaboration/synthesis.
Parsing XDC File [C:/Code/SeniorDesign/SeniorDesign/MAGLAB_PYNQ/MAGLAB_PYNQ.runs/synth_1/dont_touch.xdc]
Finished Parsing XDC File [C:/Code/SeniorDesign/SeniorDesign/MAGLAB_PYNQ/MAGLAB_PYNQ.runs/synth_1/dont_touch.xdc]
Completed Processing XDC Constraints

Netlist sorting complete. Time (s): cpu = 00:00:00 ; elapsed = 00:00:00 . Memory (MB): peak = 1492.816 ; gain = 0.000
INFO: [Project 1-111] Unisim Transformation Summary:
No Unisim elements were transformed.

Constraint Validation Runtime : Time (s): cpu = 00:00:00 ; elapsed = 00:00:00.029 . Memory (MB): peak = 1492.816 ; gain = 0.000
WARNING: [Timing 38-316] Clock period '200.000' specified during out-of-context synthesis of instance 'design_1_i/util_ds_buf_0' at clock pin 'BUFG_I[0]' is different from the actual clock period '50.000', this can lead to different synthesis results.
INFO: [Designutils 20-5440] No compile time benefit to using incremental synthesis; A full resynthesis will be run
INFO: [Designutils 20-4379] Flow is switching to default flow due to incremental criteria not met. If you would like to alter this behaviour and have the flow terminate instead, please set the following parameter config_implementation {autoIncr.Synth.RejectBehavior Terminate}
---------------------------------------------------------------------------------
Finished Constraint Validation : Time (s): cpu = 00:00:30 ; elapsed = 00:00:32 . Memory (MB): peak = 1492.816 ; gain = 668.285
---------------------------------------------------------------------------------
---------------------------------------------------------------------------------
Start Loading Part and Timing Information
---------------------------------------------------------------------------------
Loading part: xc7z020clg400-1
---------------------------------------------------------------------------------
Finished Loading Part and Timing Information : Time (s): cpu = 00:00:30 ; elapsed = 00:00:32 . Memory (MB): peak = 1492.816 ; gain = 668.285
---------------------------------------------------------------------------------
---------------------------------------------------------------------------------
Start Applying 'set_property' XDC Constraints
---------------------------------------------------------------------------------
---------------------------------------------------------------------------------
Finished applying 'set_property' XDC Constraints : Time (s): cpu = 00:00:30 ; elapsed = 00:00:33 . Memory (MB): peak = 1492.816 ; gain = 668.285
---------------------------------------------------------------------------------
---------------------------------------------------------------------------------
Finished RTL Optimization Phase 2 : Time (s): cpu = 00:00:31 ; elapsed = 00:00:33 . Memory (MB): peak = 1492.816 ; gain = 668.285
---------------------------------------------------------------------------------
---------------------------------------------------------------------------------
Start RTL Component Statistics 
---------------------------------------------------------------------------------
Detailed RTL Component Info : 
---------------------------------------------------------------------------------
Finished RTL Component Statistics 
---------------------------------------------------------------------------------
---------------------------------------------------------------------------------
Start Part Resource Summary
---------------------------------------------------------------------------------
Part Resources:
DSPs: 220 (col length:60)
BRAMs: 280 (col length: RAMB18 60 RAMB36 30)
---------------------------------------------------------------------------------
Finished Part Resource Summary
---------------------------------------------------------------------------------
---------------------------------------------------------------------------------
Start Cross Boundary and Area Optimization
---------------------------------------------------------------------------------
---------------------------------------------------------------------------------
Finished Cross Boundary and Area Optimization : Time (s): cpu = 00:00:34 ; elapsed = 00:00:37 . Memory (MB): peak = 1494.816 ; gain = 670.285
---------------------------------------------------------------------------------
---------------------------------------------------------------------------------
Start Applying XDC Timing Constraints
---------------------------------------------------------------------------------
---------------------------------------------------------------------------------
Finished Applying XDC Timing Constraints : Time (s): cpu = 00:00:45 ; elapsed = 00:00:48 . Memory (MB): peak = 1667.039 ; gain = 842.508
---------------------------------------------------------------------------------
---------------------------------------------------------------------------------
Start Timing Optimization
---------------------------------------------------------------------------------
---------------------------------------------------------------------------------
Finished Timing Optimization : Time (s): cpu = 00:00:45 ; elapsed = 00:00:48 . Memory (MB): peak = 1667.410 ; gain = 842.879
---------------------------------------------------------------------------------
---------------------------------------------------------------------------------
Start Technology Mapping
---------------------------------------------------------------------------------
---------------------------------------------------------------------------------
Finished Technology Mapping : Time (s): cpu = 00:00:45 ; elapsed = 00:00:48 . Memory (MB): peak = 1677.301 ; gain = 852.770
---------------------------------------------------------------------------------
---------------------------------------------------------------------------------
Start IO Insertion
---------------------------------------------------------------------------------
---------------------------------------------------------------------------------
Start Flattening Before IO Insertion
---------------------------------------------------------------------------------
---------------------------------------------------------------------------------
Finished Flattening Before IO Insertion
---------------------------------------------------------------------------------
---------------------------------------------------------------------------------
Start Final Netlist Cleanup
---------------------------------------------------------------------------------
---------------------------------------------------------------------------------
Finished Final Netlist Cleanup
---------------------------------------------------------------------------------
---------------------------------------------------------------------------------
Finished IO Insertion : Time (s): cpu = 00:00:52 ; elapsed = 00:00:56 . Memory (MB): peak = 1926.605 ; gain = 1102.074
---------------------------------------------------------------------------------
---------------------------------------------------------------------------------
Start Renaming Generated Instances
---------------------------------------------------------------------------------
---------------------------------------------------------------------------------
Finished Renaming Generated Instances : Time (s): cpu = 00:00:52 ; elapsed = 00:00:56 . Memory (MB): peak = 1926.605 ; gain = 1102.074
---------------------------------------------------------------------------------
---------------------------------------------------------------------------------
Start Rebuilding User Hierarchy
---------------------------------------------------------------------------------
---------------------------------------------------------------------------------
Finished Rebuilding User Hierarchy : Time (s): cpu = 00:00:52 ; elapsed = 00:00:56 . Memory (MB): peak = 1926.605 ; gain = 1102.074
---------------------------------------------------------------------------------
---------------------------------------------------------------------------------
Start Renaming Generated Ports
---------------------------------------------------------------------------------
---------------------------------------------------------------------------------
Finished Renaming Generated Ports : Time (s): cpu = 00:00:52 ; elapsed = 00:00:56 . Memory (MB): peak = 1926.605 ; gain = 1102.074
---------------------------------------------------------------------------------
---------------------------------------------------------------------------------
Start Handling Custom Attributes
---------------------------------------------------------------------------------
---------------------------------------------------------------------------------
Finished Handling Custom Attributes : Time (s): cpu = 00:00:52 ; elapsed = 00:00:56 . Memory (MB): peak = 1926.605 ; gain = 1102.074
---------------------------------------------------------------------------------
---------------------------------------------------------------------------------
Start Renaming Generated Nets
---------------------------------------------------------------------------------
---------------------------------------------------------------------------------
Finished Renaming Generated Nets : Time (s): cpu = 00:00:52 ; elapsed = 00:00:56 . Memory (MB): peak = 1926.605 ; gain = 1102.074
---------------------------------------------------------------------------------
---------------------------------------------------------------------------------
Start Writing Synthesis Report
---------------------------------------------------------------------------------

Report BlackBoxes: 
+------+--------------------------------+----------+
|      |BlackBox name                   |Instances |
+------+--------------------------------+----------+
|1     |design_1_FPGA_core_0_0          |         1|
|2     |design_1_SoftProc_0_0           |         1|
|3     |design_1_axi_smc_0              |         1|
|4     |design_1_axis_broadcaster_0_0   |         1|
|5     |design_1_axis_data_fifo_0_1     |         1|
|6     |design_1_axi_dma_0_0            |         1|
|7     |design_1_processing_system7_0_0 |         1|
|8     |design_1_rst_ps7_0_50M_0        |         1|
|9     |design_1_smartconnect_0_0       |         1|
|10    |design_1_uart_main_0_0          |         1|
|11    |design_1_util_ds_buf_0_0        |         1|
+------+--------------------------------+----------+

Report Cell Usage: 
+------+------------------------------+------+
|      |Cell                          |Count |
+------+------------------------------+------+
|1     |design_1_FPGA_core_0          |     1|
|2     |design_1_SoftProc_0           |     1|
|3     |design_1_axi_dma_0            |     1|
|4     |design_1_axi_smc              |     1|
|5     |design_1_axis_broadcaster_0   |     1|
|6     |design_1_axis_data_fifo_0     |     1|
|7     |design_1_processing_system7_0 |     1|
|8     |design_1_rst_ps7_0_50M        |     1|
|9     |design_1_smartconnect_0       |     1|
|10    |design_1_uart_main_0          |     1|
|11    |design_1_util_ds_buf_0        |     1|
|12    |IBUF                          |    18|
|13    |OBUF                          |     3|
+------+------------------------------+------+
---------------------------------------------------------------------------------
Finished Writing Synthesis Report : Time (s): cpu = 00:00:52 ; elapsed = 00:00:56 . Memory (MB): peak = 1926.605 ; gain = 1102.074
---------------------------------------------------------------------------------
Synthesis finished with 0 errors, 0 critical warnings and 0 warnings.
Synthesis Optimization Runtime : Time (s): cpu = 00:00:36 ; elapsed = 00:00:51 . Memory (MB): peak = 1926.605 ; gain = 1102.074
Synthesis Optimization Complete : Time (s): cpu = 00:00:53 ; elapsed = 00:00:56 . Memory (MB): peak = 1926.605 ; gain = 1102.074
INFO: [Project 1-571] Translating synthesized netlist
Netlist sorting complete. Time (s): cpu = 00:00:00 ; elapsed = 00:00:00.014 . Memory (MB): peak = 1928.340 ; gain = 0.000
INFO: [Project 1-570] Preparing netlist for logic optimization
INFO: [Opt 31-138] Pushed 0 inverter(s) to 0 load pin(s).
Netlist sorting complete. Time (s): cpu = 00:00:00 ; elapsed = 00:00:00.001 . Memory (MB): peak = 1930.703 ; gain = 0.000
INFO: [Project 1-111] Unisim Transformation Summary:
No Unisim elements were transformed.

Synth Design complete | Checksum: bd531d3b
INFO: [Common 17-83] Releasing license: Synthesis
53 Infos, 33 Warnings, 0 Critical Warnings and 0 Errors encountered.
synth_design completed successfully
synth_design: Time (s): cpu = 00:01:00 ; elapsed = 00:01:09 . Memory (MB): peak = 1930.703 ; gain = 1338.770
Write ShapeDB Complete: Time (s): cpu = 00:00:00 ; elapsed = 00:00:00.003 . Memory (MB): peak = 1930.703 ; gain = 0.000
INFO: [Common 17-1381] The checkpoint 'C:/Code/SeniorDesign/SeniorDesign/MAGLAB_PYNQ/MAGLAB_PYNQ.runs/synth_1/design_1_wrapper.dcp' has been generated.
INFO: [Vivado 12-24828] Executing command : report_utilization -file design_1_wrapper_utilization_synth.rpt -pb design_1_wrapper_utilization_synth.pb
INFO: [Common 17-206] Exiting Vivado at Sun Apr 19 11:40:07 2026...
