
*** Running vivado
    with args -log design_1_axis_broadcaster_0_0.vds -m64 -product Vivado -mode batch -messageDb vivado.pb -notrace -source design_1_axis_broadcaster_0_0.tcl



****** Vivado v2025.2 (64-bit)
  **** SW Build 6299465 on Fri Nov 14 19:35:11 GMT 2025
  **** IP Build 6300035 on Fri Nov 14 10:48:45 MST 2025
  **** SharedData Build 6298862 on Thu Nov 13 04:50:51 MST 2025
  **** Start of session at: Sun Apr 19 11:37:13 2026
    ** Copyright 1986-2022 Xilinx, Inc. All Rights Reserved.
    ** Copyright 2022-2025 Advanced Micro Devices, Inc. All Rights Reserved.

source design_1_axis_broadcaster_0_0.tcl -notrace
create_project: Time (s): cpu = 00:00:11 ; elapsed = 00:00:09 . Memory (MB): peak = 540.863 ; gain = 220.836
Command: synth_design -top design_1_axis_broadcaster_0_0 -part xc7z020clg400-1 -incremental_mode off -mode out_of_context
Starting synth_design
Attempting to get a license for feature 'Synthesis' and/or device 'xc7z020'
INFO: [Common 17-349] Got license for feature 'Synthesis' and/or device 'xc7z020'
INFO: [Device 21-403] Loading part xc7z020clg400-1
INFO: [Synth 8-7079] Multithreading enabled for synth_design using a maximum of 2 processes.
INFO: [Synth 8-7078] Launching helper process for spawning children vivado processes
INFO: [Synth 8-7075] Helper process launched with PID 2880
---------------------------------------------------------------------------------
Starting RTL Elaboration : Time (s): cpu = 00:00:07 ; elapsed = 00:00:08 . Memory (MB): peak = 1325.340 ; gain = 541.031
---------------------------------------------------------------------------------
INFO: [Synth 8-6157] synthesizing module 'design_1_axis_broadcaster_0_0' [c:/Code/SeniorDesign/SeniorDesign/MAGLAB_PYNQ/MAGLAB_PYNQ.gen/sources_1/bd/design_1/ip/design_1_axis_broadcaster_0_0/synth/design_1_axis_broadcaster_0_0.v:53]
INFO: [Synth 8-6157] synthesizing module 'top_design_1_axis_broadcaster_0_0' [c:/Code/SeniorDesign/SeniorDesign/MAGLAB_PYNQ/MAGLAB_PYNQ.gen/sources_1/bd/design_1/ip/design_1_axis_broadcaster_0_0/hdl/top_design_1_axis_broadcaster_0_0.v:60]
INFO: [Synth 8-6157] synthesizing module 'axis_broadcaster_v1_1_35_core' [c:/Code/SeniorDesign/SeniorDesign/MAGLAB_PYNQ/MAGLAB_PYNQ.gen/sources_1/bd/design_1/ipshared/a8e4/hdl/axis_broadcaster_v1_1_vl_rfs.v:58]
INFO: [Synth 8-6157] synthesizing module 'axis_infrastructure_v1_1_1_util_vector2axis' [c:/Code/SeniorDesign/SeniorDesign/MAGLAB_PYNQ/MAGLAB_PYNQ.gen/sources_1/bd/design_1/ipshared/434f/hdl/axis_infrastructure_v1_1_vl_rfs.v:986]
INFO: [Synth 8-6155] done synthesizing module 'axis_infrastructure_v1_1_1_util_vector2axis' (0#1) [c:/Code/SeniorDesign/SeniorDesign/MAGLAB_PYNQ/MAGLAB_PYNQ.gen/sources_1/bd/design_1/ipshared/434f/hdl/axis_infrastructure_v1_1_vl_rfs.v:986]
INFO: [Synth 8-6157] synthesizing module 'axis_infrastructure_v1_1_1_util_axis2vector' [c:/Code/SeniorDesign/SeniorDesign/MAGLAB_PYNQ/MAGLAB_PYNQ.gen/sources_1/bd/design_1/ipshared/434f/hdl/axis_infrastructure_v1_1_vl_rfs.v:805]
INFO: [Synth 8-6155] done synthesizing module 'axis_infrastructure_v1_1_1_util_axis2vector' (0#1) [c:/Code/SeniorDesign/SeniorDesign/MAGLAB_PYNQ/MAGLAB_PYNQ.gen/sources_1/bd/design_1/ipshared/434f/hdl/axis_infrastructure_v1_1_vl_rfs.v:805]
INFO: [Synth 8-6155] done synthesizing module 'axis_broadcaster_v1_1_35_core' (0#1) [c:/Code/SeniorDesign/SeniorDesign/MAGLAB_PYNQ/MAGLAB_PYNQ.gen/sources_1/bd/design_1/ipshared/a8e4/hdl/axis_broadcaster_v1_1_vl_rfs.v:58]
INFO: [Synth 8-6157] synthesizing module 'tdata_design_1_axis_broadcaster_0_0' [c:/Code/SeniorDesign/SeniorDesign/MAGLAB_PYNQ/MAGLAB_PYNQ.gen/sources_1/bd/design_1/ip/design_1_axis_broadcaster_0_0/hdl/tdata_design_1_axis_broadcaster_0_0.v:48]
INFO: [Synth 8-6155] done synthesizing module 'tdata_design_1_axis_broadcaster_0_0' (0#1) [c:/Code/SeniorDesign/SeniorDesign/MAGLAB_PYNQ/MAGLAB_PYNQ.gen/sources_1/bd/design_1/ip/design_1_axis_broadcaster_0_0/hdl/tdata_design_1_axis_broadcaster_0_0.v:48]
INFO: [Synth 8-6157] synthesizing module 'tuser_design_1_axis_broadcaster_0_0' [c:/Code/SeniorDesign/SeniorDesign/MAGLAB_PYNQ/MAGLAB_PYNQ.gen/sources_1/bd/design_1/ip/design_1_axis_broadcaster_0_0/hdl/tuser_design_1_axis_broadcaster_0_0.v:49]
INFO: [Synth 8-6155] done synthesizing module 'tuser_design_1_axis_broadcaster_0_0' (0#1) [c:/Code/SeniorDesign/SeniorDesign/MAGLAB_PYNQ/MAGLAB_PYNQ.gen/sources_1/bd/design_1/ip/design_1_axis_broadcaster_0_0/hdl/tuser_design_1_axis_broadcaster_0_0.v:49]
INFO: [Synth 8-6155] done synthesizing module 'top_design_1_axis_broadcaster_0_0' (0#1) [c:/Code/SeniorDesign/SeniorDesign/MAGLAB_PYNQ/MAGLAB_PYNQ.gen/sources_1/bd/design_1/ip/design_1_axis_broadcaster_0_0/hdl/top_design_1_axis_broadcaster_0_0.v:60]
INFO: [Synth 8-6155] done synthesizing module 'design_1_axis_broadcaster_0_0' (0#1) [c:/Code/SeniorDesign/SeniorDesign/MAGLAB_PYNQ/MAGLAB_PYNQ.gen/sources_1/bd/design_1/ip/design_1_axis_broadcaster_0_0/synth/design_1_axis_broadcaster_0_0.v:53]
INFO: [Synth 8-7129] Port tuser[1] in module tuser_design_1_axis_broadcaster_0_0 is either unconnected or has no load
INFO: [Synth 8-7129] Port tuser[0] in module tuser_design_1_axis_broadcaster_0_0 is either unconnected or has no load
INFO: [Synth 8-7129] Port tdata[31] in module tdata_design_1_axis_broadcaster_0_0 is either unconnected or has no load
INFO: [Synth 8-7129] Port tdata[30] in module tdata_design_1_axis_broadcaster_0_0 is either unconnected or has no load
INFO: [Synth 8-7129] Port tdata[29] in module tdata_design_1_axis_broadcaster_0_0 is either unconnected or has no load
INFO: [Synth 8-7129] Port tdata[28] in module tdata_design_1_axis_broadcaster_0_0 is either unconnected or has no load
INFO: [Synth 8-7129] Port tdata[27] in module tdata_design_1_axis_broadcaster_0_0 is either unconnected or has no load
INFO: [Synth 8-7129] Port tdata[26] in module tdata_design_1_axis_broadcaster_0_0 is either unconnected or has no load
INFO: [Synth 8-7129] Port tdata[25] in module tdata_design_1_axis_broadcaster_0_0 is either unconnected or has no load
INFO: [Synth 8-7129] Port tdata[24] in module tdata_design_1_axis_broadcaster_0_0 is either unconnected or has no load
INFO: [Synth 8-7129] Port tdata[23] in module tdata_design_1_axis_broadcaster_0_0 is either unconnected or has no load
INFO: [Synth 8-7129] Port tdata[22] in module tdata_design_1_axis_broadcaster_0_0 is either unconnected or has no load
INFO: [Synth 8-7129] Port tdata[21] in module tdata_design_1_axis_broadcaster_0_0 is either unconnected or has no load
INFO: [Synth 8-7129] Port tdata[20] in module tdata_design_1_axis_broadcaster_0_0 is either unconnected or has no load
INFO: [Synth 8-7129] Port tdata[19] in module tdata_design_1_axis_broadcaster_0_0 is either unconnected or has no load
INFO: [Synth 8-7129] Port tdata[18] in module tdata_design_1_axis_broadcaster_0_0 is either unconnected or has no load
INFO: [Synth 8-7129] Port tdata[17] in module tdata_design_1_axis_broadcaster_0_0 is either unconnected or has no load
INFO: [Synth 8-7129] Port tdata[16] in module tdata_design_1_axis_broadcaster_0_0 is either unconnected or has no load
INFO: [Synth 8-7129] Port TSTRB[1] in module axis_infrastructure_v1_1_1_util_axis2vector is either unconnected or has no load
INFO: [Synth 8-7129] Port TSTRB[0] in module axis_infrastructure_v1_1_1_util_axis2vector is either unconnected or has no load
INFO: [Synth 8-7129] Port TID[0] in module axis_infrastructure_v1_1_1_util_axis2vector is either unconnected or has no load
INFO: [Synth 8-7129] Port TDEST[0] in module axis_infrastructure_v1_1_1_util_axis2vector is either unconnected or has no load
INFO: [Synth 8-7129] Port TUSER[0] in module axis_infrastructure_v1_1_1_util_axis2vector is either unconnected or has no load
---------------------------------------------------------------------------------
Finished RTL Elaboration : Time (s): cpu = 00:00:10 ; elapsed = 00:00:11 . Memory (MB): peak = 1449.137 ; gain = 664.828
---------------------------------------------------------------------------------
---------------------------------------------------------------------------------
Start Handling Custom Attributes
---------------------------------------------------------------------------------
---------------------------------------------------------------------------------
Finished Handling Custom Attributes : Time (s): cpu = 00:00:10 ; elapsed = 00:00:11 . Memory (MB): peak = 1449.137 ; gain = 664.828
---------------------------------------------------------------------------------
---------------------------------------------------------------------------------
Finished RTL Optimization Phase 1 : Time (s): cpu = 00:00:10 ; elapsed = 00:00:11 . Memory (MB): peak = 1449.137 ; gain = 664.828
---------------------------------------------------------------------------------
Netlist sorting complete. Time (s): cpu = 00:00:00 ; elapsed = 00:00:00.002 . Memory (MB): peak = 1449.137 ; gain = 0.000
INFO: [Project 1-570] Preparing netlist for logic optimization

Processing XDC Constraints
Initializing timing engine
Parsing XDC File [c:/Code/SeniorDesign/SeniorDesign/MAGLAB_PYNQ/MAGLAB_PYNQ.gen/sources_1/bd/design_1/ip/design_1_axis_broadcaster_0_0/design_1_axis_broadcaster_0_0_ooc.xdc] for cell 'inst'
Finished Parsing XDC File [c:/Code/SeniorDesign/SeniorDesign/MAGLAB_PYNQ/MAGLAB_PYNQ.gen/sources_1/bd/design_1/ip/design_1_axis_broadcaster_0_0/design_1_axis_broadcaster_0_0_ooc.xdc] for cell 'inst'
Parsing XDC File [C:/Code/SeniorDesign/SeniorDesign/MAGLAB_PYNQ/MAGLAB_PYNQ.runs/design_1_axis_broadcaster_0_0_synth_1/dont_touch.xdc]
Finished Parsing XDC File [C:/Code/SeniorDesign/SeniorDesign/MAGLAB_PYNQ/MAGLAB_PYNQ.runs/design_1_axis_broadcaster_0_0_synth_1/dont_touch.xdc]
Completed Processing XDC Constraints

Netlist sorting complete. Time (s): cpu = 00:00:00 ; elapsed = 00:00:00 . Memory (MB): peak = 1483.977 ; gain = 0.000
INFO: [Project 1-111] Unisim Transformation Summary:
No Unisim elements were transformed.

Constraint Validation Runtime : Time (s): cpu = 00:00:00 ; elapsed = 00:00:00.027 . Memory (MB): peak = 1483.977 ; gain = 0.000
INFO: [Designutils 20-5008] Incremental synthesis strategy off
---------------------------------------------------------------------------------
Finished Constraint Validation : Time (s): cpu = 00:00:21 ; elapsed = 00:00:24 . Memory (MB): peak = 1483.977 ; gain = 699.668
---------------------------------------------------------------------------------
---------------------------------------------------------------------------------
Start Loading Part and Timing Information
---------------------------------------------------------------------------------
Loading part: xc7z020clg400-1
---------------------------------------------------------------------------------
Finished Loading Part and Timing Information : Time (s): cpu = 00:00:21 ; elapsed = 00:00:24 . Memory (MB): peak = 1483.977 ; gain = 699.668
---------------------------------------------------------------------------------
---------------------------------------------------------------------------------
Start Applying 'set_property' XDC Constraints
---------------------------------------------------------------------------------
---------------------------------------------------------------------------------
Finished applying 'set_property' XDC Constraints : Time (s): cpu = 00:00:21 ; elapsed = 00:00:24 . Memory (MB): peak = 1483.977 ; gain = 699.668
---------------------------------------------------------------------------------
---------------------------------------------------------------------------------
Finished RTL Optimization Phase 2 : Time (s): cpu = 00:00:22 ; elapsed = 00:00:24 . Memory (MB): peak = 1483.977 ; gain = 699.668
---------------------------------------------------------------------------------
INFO: [Synth 8-223] decloning instance 'inst/broadcaster_core/MI_SLOT[0].util_vector2axis' (axis_infrastructure_v1_1_1_util_vector2axis) to 'inst/broadcaster_core/MI_SLOT[1].util_vector2axis'
---------------------------------------------------------------------------------
Start RTL Component Statistics 
---------------------------------------------------------------------------------
Detailed RTL Component Info : 
+---Registers : 
	                2 Bit    Registers := 1     
+---Muxes : 
	   2 Input    1 Bit        Muxes := 1     
---------------------------------------------------------------------------------
Finished RTL Component Statistics 
---------------------------------------------------------------------------------
---------------------------------------------------------------------------------
Start Part Resource Summary
---------------------------------------------------------------------------------
Part Resources:
DSPs: 220 (col length:60)
BRAMs: 280 (col length: RAMB18 60 RAMB36 30)
---------------------------------------------------------------------------------
Finished Part Resource Summary
---------------------------------------------------------------------------------
---------------------------------------------------------------------------------
Start Cross Boundary and Area Optimization
---------------------------------------------------------------------------------
INFO: [Synth 8-7129] Port s_axis_tstrb[1] in module top_design_1_axis_broadcaster_0_0 is either unconnected or has no load
INFO: [Synth 8-7129] Port s_axis_tstrb[0] in module top_design_1_axis_broadcaster_0_0 is either unconnected or has no load
INFO: [Synth 8-7129] Port s_axis_tid[0] in module top_design_1_axis_broadcaster_0_0 is either unconnected or has no load
INFO: [Synth 8-7129] Port s_axis_tdest[0] in module top_design_1_axis_broadcaster_0_0 is either unconnected or has no load
INFO: [Synth 8-7129] Port s_axis_tuser[0] in module top_design_1_axis_broadcaster_0_0 is either unconnected or has no load
---------------------------------------------------------------------------------
Finished Cross Boundary and Area Optimization : Time (s): cpu = 00:00:25 ; elapsed = 00:00:28 . Memory (MB): peak = 1485.023 ; gain = 700.715
---------------------------------------------------------------------------------
---------------------------------------------------------------------------------
Start Applying XDC Timing Constraints
---------------------------------------------------------------------------------
---------------------------------------------------------------------------------
Finished Applying XDC Timing Constraints : Time (s): cpu = 00:00:35 ; elapsed = 00:00:40 . Memory (MB): peak = 1642.402 ; gain = 858.094
---------------------------------------------------------------------------------
---------------------------------------------------------------------------------
Start Timing Optimization
---------------------------------------------------------------------------------
---------------------------------------------------------------------------------
Finished Timing Optimization : Time (s): cpu = 00:00:35 ; elapsed = 00:00:40 . Memory (MB): peak = 1651.980 ; gain = 867.672
---------------------------------------------------------------------------------
---------------------------------------------------------------------------------
Start Technology Mapping
---------------------------------------------------------------------------------
---------------------------------------------------------------------------------
Finished Technology Mapping : Time (s): cpu = 00:00:35 ; elapsed = 00:00:40 . Memory (MB): peak = 1651.988 ; gain = 867.680
---------------------------------------------------------------------------------
---------------------------------------------------------------------------------
Start IO Insertion
---------------------------------------------------------------------------------
---------------------------------------------------------------------------------
Start Flattening Before IO Insertion
---------------------------------------------------------------------------------
---------------------------------------------------------------------------------
Finished Flattening Before IO Insertion
---------------------------------------------------------------------------------
---------------------------------------------------------------------------------
Start Final Netlist Cleanup
---------------------------------------------------------------------------------
---------------------------------------------------------------------------------
Finished Final Netlist Cleanup
---------------------------------------------------------------------------------
---------------------------------------------------------------------------------
Finished IO Insertion : Time (s): cpu = 00:00:43 ; elapsed = 00:00:48 . Memory (MB): peak = 1901.141 ; gain = 1116.832
---------------------------------------------------------------------------------
---------------------------------------------------------------------------------
Start Renaming Generated Instances
---------------------------------------------------------------------------------
---------------------------------------------------------------------------------
Finished Renaming Generated Instances : Time (s): cpu = 00:00:43 ; elapsed = 00:00:48 . Memory (MB): peak = 1901.141 ; gain = 1116.832
---------------------------------------------------------------------------------
---------------------------------------------------------------------------------
Start Rebuilding User Hierarchy
---------------------------------------------------------------------------------
---------------------------------------------------------------------------------
Finished Rebuilding User Hierarchy : Time (s): cpu = 00:00:43 ; elapsed = 00:00:48 . Memory (MB): peak = 1901.141 ; gain = 1116.832
---------------------------------------------------------------------------------
---------------------------------------------------------------------------------
Start Renaming Generated Ports
---------------------------------------------------------------------------------
---------------------------------------------------------------------------------
Finished Renaming Generated Ports : Time (s): cpu = 00:00:43 ; elapsed = 00:00:48 . Memory (MB): peak = 1901.141 ; gain = 1116.832
---------------------------------------------------------------------------------
---------------------------------------------------------------------------------
Start Handling Custom Attributes
---------------------------------------------------------------------------------
---------------------------------------------------------------------------------
Finished Handling Custom Attributes : Time (s): cpu = 00:00:43 ; elapsed = 00:00:48 . Memory (MB): peak = 1901.141 ; gain = 1116.832
---------------------------------------------------------------------------------
---------------------------------------------------------------------------------
Start Renaming Generated Nets
---------------------------------------------------------------------------------
---------------------------------------------------------------------------------
Finished Renaming Generated Nets : Time (s): cpu = 00:00:43 ; elapsed = 00:00:48 . Memory (MB): peak = 1901.141 ; gain = 1116.832
---------------------------------------------------------------------------------
---------------------------------------------------------------------------------
Start Writing Synthesis Report
---------------------------------------------------------------------------------

Report BlackBoxes: 
+-+--------------+----------+
| |BlackBox name |Instances |
+-+--------------+----------+
+-+--------------+----------+

Report Cell Usage: 
+------+-----+------+
|      |Cell |Count |
+------+-----+------+
|1     |LUT3 |     2|
|2     |LUT5 |     1|
|3     |LUT6 |     2|
|4     |FDRE |     2|
+------+-----+------+
---------------------------------------------------------------------------------
Finished Writing Synthesis Report : Time (s): cpu = 00:00:43 ; elapsed = 00:00:48 . Memory (MB): peak = 1901.141 ; gain = 1116.832
---------------------------------------------------------------------------------
Synthesis finished with 0 errors, 0 critical warnings and 0 warnings.
Synthesis Optimization Runtime : Time (s): cpu = 00:00:31 ; elapsed = 00:00:46 . Memory (MB): peak = 1901.141 ; gain = 1081.992
Synthesis Optimization Complete : Time (s): cpu = 00:00:43 ; elapsed = 00:00:49 . Memory (MB): peak = 1901.141 ; gain = 1116.832
INFO: [Project 1-571] Translating synthesized netlist
Netlist sorting complete. Time (s): cpu = 00:00:00 ; elapsed = 00:00:00.001 . Memory (MB): peak = 1910.223 ; gain = 0.000
INFO: [Project 1-570] Preparing netlist for logic optimization
INFO: [Opt 31-138] Pushed 0 inverter(s) to 0 load pin(s).
Netlist sorting complete. Time (s): cpu = 00:00:00 ; elapsed = 00:00:00 . Memory (MB): peak = 1913.914 ; gain = 0.000
INFO: [Project 1-111] Unisim Transformation Summary:
No Unisim elements were transformed.

Synth Design complete | Checksum: f30c037
INFO: [Common 17-83] Releasing license: Synthesis
56 Infos, 0 Warnings, 0 Critical Warnings and 0 Errors encountered.
synth_design completed successfully
synth_design: Time (s): cpu = 00:00:49 ; elapsed = 00:00:58 . Memory (MB): peak = 1913.914 ; gain = 1361.691
Write ShapeDB Complete: Time (s): cpu = 00:00:00 ; elapsed = 00:00:00.002 . Memory (MB): peak = 1913.914 ; gain = 0.000
INFO: [Common 17-1381] The checkpoint 'C:/Code/SeniorDesign/SeniorDesign/MAGLAB_PYNQ/MAGLAB_PYNQ.runs/design_1_axis_broadcaster_0_0_synth_1/design_1_axis_broadcaster_0_0.dcp' has been generated.
INFO: [Coretcl 2-1648] Added synthesis output to IP cache for IP design_1_axis_broadcaster_0_0, cache-ID = 97d5753fb607ac7a
INFO: [Coretcl 2-1174] Renamed 2 cell refs.
Write ShapeDB Complete: Time (s): cpu = 00:00:00 ; elapsed = 00:00:00.001 . Memory (MB): peak = 1913.914 ; gain = 0.000
INFO: [Common 17-1381] The checkpoint 'C:/Code/SeniorDesign/SeniorDesign/MAGLAB_PYNQ/MAGLAB_PYNQ.runs/design_1_axis_broadcaster_0_0_synth_1/design_1_axis_broadcaster_0_0.dcp' has been generated.
INFO: [Vivado 12-24828] Executing command : report_utilization -file design_1_axis_broadcaster_0_0_utilization_synth.rpt -pb design_1_axis_broadcaster_0_0_utilization_synth.pb
INFO: [Common 17-206] Exiting Vivado at Sun Apr 19 11:38:29 2026...
