Copyright 1986-2022 Xilinx, Inc. All Rights Reserved. Copyright 2022-2025 Advanced Micro Devices, Inc. All Rights Reserved.
--------------------------------------------------------------------------------------------------------------------------------------------------------------------------------------
| Tool Version : Vivado v.2025.2 (win64) Build 6299465 Fri Nov 14 19:35:11 GMT 2025
| Date         : Sun Apr 19 11:43:28 2026
| Host         : DESKTOP-J6HVFTT running 64-bit major release  (build 9200)
| Command      : report_methodology -file design_1_wrapper_methodology_drc_routed.rpt -pb design_1_wrapper_methodology_drc_routed.pb -rpx design_1_wrapper_methodology_drc_routed.rpx
| Design       : design_1_wrapper
| Device       : xc7z020clg400-1
| Speed File   : -1
| Design State : Fully Routed
--------------------------------------------------------------------------------------------------------------------------------------------------------------------------------------

Report Methodology

Table of Contents
-----------------
1. REPORT SUMMARY
2. REPORT DETAILS

1. REPORT SUMMARY
-----------------
            Netlist: netlist
          Floorplan: design_1
      Design limits: <entire design considered>
             Max checks: <unlimited>
             Checks found: 22
+-----------+------------------+------------------------------------------------+--------+
| Rule      | Severity         | Description                                    | Checks |
+-----------+------------------+------------------------------------------------+--------+
| TIMING-6  | Critical Warning | No common primary clock between related clocks | 1      |
| TIMING-7  | Critical Warning | No common node between related clocks          | 1      |
| TIMING-18 | Warning          | Missing input or output delay                  | 20     |
+-----------+------------------+------------------------------------------------+--------+

2. REPORT DETAILS
-----------------
TIMING-6#1 Critical Warning
No common primary clock between related clocks  
The clocks clk_fpga_0 and ADC_CLK are related (timed together) but they have no common primary clock. The design could fail in hardware. To find a timing path between these clocks, run the following command: report_timing -from [get_clocks clk_fpga_0] -to [get_clocks ADC_CLK]
Related violations: <none>

TIMING-7#1 Critical Warning
No common node between related clocks  
The clocks clk_fpga_0 and ADC_CLK are related (timed together) but they have no common node. The design could fail in hardware. To find a timing path between these clocks, run the following command: report_timing -from [get_clocks clk_fpga_0] -to [get_clocks ADC_CLK]
Related violations: <none>

TIMING-18#1 Warning
Missing input or output delay  
An input delay is missing on i_rx relative to the rising and/or falling clock edge(s) of clk_fpga_0.
Related violations: <none>

TIMING-18#2 Warning
Missing input or output delay  
An input delay is missing on rpio[0] relative to the rising and/or falling clock edge(s) of ADC_CLK.
Related violations: <none>

TIMING-18#3 Warning
Missing input or output delay  
An input delay is missing on rpio[10] relative to the rising and/or falling clock edge(s) of ADC_CLK.
Related violations: <none>

TIMING-18#4 Warning
Missing input or output delay  
An input delay is missing on rpio[11] relative to the rising and/or falling clock edge(s) of ADC_CLK.
Related violations: <none>

TIMING-18#5 Warning
Missing input or output delay  
An input delay is missing on rpio[12] relative to the rising and/or falling clock edge(s) of ADC_CLK.
Related violations: <none>

TIMING-18#6 Warning
Missing input or output delay  
An input delay is missing on rpio[13] relative to the rising and/or falling clock edge(s) of ADC_CLK.
Related violations: <none>

TIMING-18#7 Warning
Missing input or output delay  
An input delay is missing on rpio[14] relative to the rising and/or falling clock edge(s) of ADC_CLK.
Related violations: <none>

TIMING-18#8 Warning
Missing input or output delay  
An input delay is missing on rpio[15] relative to the rising and/or falling clock edge(s) of ADC_CLK.
Related violations: <none>

TIMING-18#9 Warning
Missing input or output delay  
An input delay is missing on rpio[1] relative to the rising and/or falling clock edge(s) of ADC_CLK.
Related violations: <none>

TIMING-18#10 Warning
Missing input or output delay  
An input delay is missing on rpio[2] relative to the rising and/or falling clock edge(s) of ADC_CLK.
Related violations: <none>

TIMING-18#11 Warning
Missing input or output delay  
An input delay is missing on rpio[3] relative to the rising and/or falling clock edge(s) of ADC_CLK.
Related violations: <none>

TIMING-18#12 Warning
Missing input or output delay  
An input delay is missing on rpio[4] relative to the rising and/or falling clock edge(s) of ADC_CLK.
Related violations: <none>

TIMING-18#13 Warning
Missing input or output delay  
An input delay is missing on rpio[5] relative to the rising and/or falling clock edge(s) of ADC_CLK.
Related violations: <none>

TIMING-18#14 Warning
Missing input or output delay  
An input delay is missing on rpio[6] relative to the rising and/or falling clock edge(s) of ADC_CLK.
Related violations: <none>

TIMING-18#15 Warning
Missing input or output delay  
An input delay is missing on rpio[7] relative to the rising and/or falling clock edge(s) of ADC_CLK.
Related violations: <none>

TIMING-18#16 Warning
Missing input or output delay  
An input delay is missing on rpio[8] relative to the rising and/or falling clock edge(s) of ADC_CLK.
Related violations: <none>

TIMING-18#17 Warning
Missing input or output delay  
An input delay is missing on rpio[9] relative to the rising and/or falling clock edge(s) of ADC_CLK.
Related violations: <none>

TIMING-18#18 Warning
Missing input or output delay  
An output delay is missing on Hazard relative to the rising and/or falling clock edge(s) of clk_fpga_0.
Related violations: <none>

TIMING-18#19 Warning
Missing input or output delay  
An output delay is missing on On_LED relative to the rising and/or falling clock edge(s) of clk_fpga_0.
Related violations: <none>

TIMING-18#20 Warning
Missing input or output delay  
An output delay is missing on o_tx relative to the rising and/or falling clock edge(s) of clk_fpga_0.
Related violations: <none>


